{"/Users/brunacarlota/Documents/fiap_3soat/tech-challenge/g2-3soat-sa-order-service/src/app.js": {"path":"/Users/brunacarlota/Documents/fiap_3soat/tech-challenge/g2-3soat-sa-order-service/src/app.js","statementMap":{"0":{"start":{"line":5,"column":12},"end":{"line":5,"column":21}},"1":{"start":{"line":6,"column":0},"end":{"line":6,"column":24}},"2":{"start":{"line":8,"column":0},"end":{"line":8,"column":21}},"3":{"start":{"line":11,"column":0},"end":{"line":11,"column":18}}},"fnMap":{},"branchMap":{},"s":{"0":0,"1":0,"2":0,"3":0},"f":{},"b":{}}
,"/Users/brunacarlota/Documents/fiap_3soat/tech-challenge/g2-3soat-sa-order-service/src/api/apiClient.js": {"path":"/Users/brunacarlota/Documents/fiap_3soat/tech-challenge/g2-3soat-sa-order-service/src/api/apiClient.js","statementMap":{"0":{"start":{"line":3,"column":20},"end":{"line":6,"column":2}},"1":{"start":{"line":3,"column":42},"end":{"line":6,"column":2}}},"fnMap":{"0":{"name":"(anonymous_0)","decl":{"start":{"line":3,"column":20},"end":{"line":3,"column":21}},"loc":{"start":{"line":3,"column":42},"end":{"line":6,"column":2}},"line":3}},"branchMap":{},"s":{"0":0,"1":0},"f":{"0":0},"b":{}}
,"/Users/brunacarlota/Documents/fiap_3soat/tech-challenge/g2-3soat-sa-order-service/src/api/services/payment.js": {"path":"/Users/brunacarlota/Documents/fiap_3soat/tech-challenge/g2-3soat-sa-order-service/src/api/services/payment.js","statementMap":{"0":{"start":{"line":3,"column":16},"end":{"line":3,"column":52}},"1":{"start":{"line":4,"column":16},"end":{"line":7,"column":1}},"2":{"start":{"line":10,"column":1},"end":{"line":10,"column":70}}},"fnMap":{"0":{"name":"createNewPayment","decl":{"start":{"line":9,"column":24},"end":{"line":9,"column":40}},"loc":{"start":{"line":9,"column":47},"end":{"line":11,"column":1}},"line":9}},"branchMap":{},"s":{"0":0,"1":0,"2":0},"f":{"0":0},"b":{}}
,"/Users/brunacarlota/Documents/fiap_3soat/tech-challenge/g2-3soat-sa-order-service/src/api/services/product.js": {"path":"/Users/brunacarlota/Documents/fiap_3soat/tech-challenge/g2-3soat-sa-order-service/src/api/services/product.js","statementMap":{"0":{"start":{"line":3,"column":16},"end":{"line":3,"column":43}},"1":{"start":{"line":4,"column":16},"end":{"line":6,"column":1}},"2":{"start":{"line":9,"column":1},"end":{"line":9,"column":58}}},"fnMap":{"0":{"name":"getProduct","decl":{"start":{"line":8,"column":30},"end":{"line":8,"column":40}},"loc":{"start":{"line":8,"column":45},"end":{"line":10,"column":1}},"line":8}},"branchMap":{},"s":{"0":0,"1":0,"2":0},"f":{"0":0},"b":{}}
,"/Users/brunacarlota/Documents/fiap_3soat/tech-challenge/g2-3soat-sa-order-service/src/api/services/fila/pagamento.js": {"path":"/Users/brunacarlota/Documents/fiap_3soat/tech-challenge/g2-3soat-sa-order-service/src/api/services/fila/pagamento.js","statementMap":{"0":{"start":{"line":5,"column":18},"end":{"line":5,"column":87}},"1":{"start":{"line":7,"column":0},"end":{"line":13,"column":3}},"2":{"start":{"line":16,"column":18},"end":{"line":16,"column":67}},"3":{"start":{"line":19,"column":15},"end":{"line":22,"column":1}},"4":{"start":{"line":26,"column":1},"end":{"line":59,"column":2}},"5":{"start":{"line":28,"column":15},"end":{"line":28,"column":70}},"6":{"start":{"line":31,"column":2},"end":{"line":56,"column":3}},"7":{"start":{"line":32,"column":3},"end":{"line":52,"column":6}},"8":{"start":{"line":33,"column":4},"end":{"line":33,"column":51}},"9":{"start":{"line":36,"column":4},"end":{"line":48,"column":5}},"10":{"start":{"line":37,"column":5},"end":{"line":37,"column":59}},"11":{"start":{"line":41,"column":5},"end":{"line":46,"column":8}},"12":{"start":{"line":42,"column":6},"end":{"line":42,"column":44}},"13":{"start":{"line":47,"column":5},"end":{"line":47,"column":23}},"14":{"start":{"line":54,"column":3},"end":{"line":54,"column":40}},"15":{"start":{"line":55,"column":3},"end":{"line":55,"column":21}},"16":{"start":{"line":58,"column":2},"end":{"line":58,"column":50}},"17":{"start":{"line":64,"column":1},"end":{"line":75,"column":2}},"18":{"start":{"line":65,"column":23},"end":{"line":68,"column":3}},"19":{"start":{"line":69,"column":24},"end":{"line":69,"column":62}},"20":{"start":{"line":70,"column":2},"end":{"line":70,"column":38}},"21":{"start":{"line":71,"column":2},"end":{"line":71,"column":46}},"22":{"start":{"line":74,"column":2},"end":{"line":74,"column":48}}},"fnMap":{"0":{"name":"receiveMessages","decl":{"start":{"line":25,"column":30},"end":{"line":25,"column":45}},"loc":{"start":{"line":25,"column":48},"end":{"line":60,"column":1}},"line":25},"1":{"name":"(anonymous_1)","decl":{"start":{"line":32,"column":25},"end":{"line":32,"column":26}},"loc":{"start":{"line":32,"column":36},"end":{"line":52,"column":4}},"line":32},"2":{"name":"(anonymous_2)","decl":{"start":{"line":41,"column":27},"end":{"line":41,"column":28}},"loc":{"start":{"line":41,"column":38},"end":{"line":46,"column":6}},"line":41},"3":{"name":"deleteMessage","decl":{"start":{"line":63,"column":22},"end":{"line":63,"column":35}},"loc":{"start":{"line":63,"column":51},"end":{"line":76,"column":1}},"line":63}},"branchMap":{"0":{"loc":{"start":{"line":31,"column":2},"end":{"line":56,"column":3}},"type":"if","locations":[{"start":{"line":31,"column":2},"end":{"line":56,"column":3}},{"start":{"line":53,"column":9},"end":{"line":56,"column":3}}],"line":31},"1":{"loc":{"start":{"line":36,"column":4},"end":{"line":48,"column":5}},"type":"if","locations":[{"start":{"line":36,"column":4},"end":{"line":48,"column":5}},{"start":{},"end":{}}],"line":36}},"s":{"0":0,"1":0,"2":0,"3":0,"4":0,"5":0,"6":0,"7":0,"8":0,"9":0,"10":0,"11":0,"12":0,"13":0,"14":0,"15":0,"16":0,"17":0,"18":0,"19":0,"20":0,"21":0,"22":0},"f":{"0":0,"1":0,"2":0,"3":0},"b":{"0":[0,0],"1":[0,0]}}
,"/Users/brunacarlota/Documents/fiap_3soat/tech-challenge/g2-3soat-sa-order-service/src/application/orderGateway.js": {"path":"/Users/brunacarlota/Documents/fiap_3soat/tech-challenge/g2-3soat-sa-order-service/src/application/orderGateway.js","statementMap":{"0":{"start":{"line":5,"column":18},"end":{"line":5,"column":63}},"1":{"start":{"line":5,"column":26},"end":{"line":5,"column":63}},"2":{"start":{"line":6,"column":13},"end":{"line":6,"column":59}},"3":{"start":{"line":6,"column":24},"end":{"line":6,"column":59}},"4":{"start":{"line":7,"column":17},"end":{"line":7,"column":57}},"5":{"start":{"line":7,"column":23},"end":{"line":7,"column":57}},"6":{"start":{"line":8,"column":20},"end":{"line":8,"column":81}},"7":{"start":{"line":8,"column":35},"end":{"line":8,"column":81}},"8":{"start":{"line":9,"column":20},"end":{"line":9,"column":67}},"9":{"start":{"line":9,"column":28},"end":{"line":9,"column":67}},"10":{"start":{"line":10,"column":26},"end":{"line":10,"column":105}},"11":{"start":{"line":10,"column":47},"end":{"line":10,"column":105}},"12":{"start":{"line":12,"column":1},"end":{"line":19,"column":2}}},"fnMap":{"0":{"name":"orderGateway","decl":{"start":{"line":3,"column":24},"end":{"line":3,"column":36}},"loc":{"start":{"line":3,"column":39},"end":{"line":20,"column":1}},"line":3},"1":{"name":"(anonymous_1)","decl":{"start":{"line":5,"column":18},"end":{"line":5,"column":19}},"loc":{"start":{"line":5,"column":26},"end":{"line":5,"column":63}},"line":5},"2":{"name":"(anonymous_2)","decl":{"start":{"line":6,"column":13},"end":{"line":6,"column":14}},"loc":{"start":{"line":6,"column":24},"end":{"line":6,"column":59}},"line":6},"3":{"name":"(anonymous_3)","decl":{"start":{"line":7,"column":17},"end":{"line":7,"column":18}},"loc":{"start":{"line":7,"column":23},"end":{"line":7,"column":57}},"line":7},"4":{"name":"(anonymous_4)","decl":{"start":{"line":8,"column":20},"end":{"line":8,"column":21}},"loc":{"start":{"line":8,"column":35},"end":{"line":8,"column":81}},"line":8},"5":{"name":"(anonymous_5)","decl":{"start":{"line":9,"column":20},"end":{"line":9,"column":21}},"loc":{"start":{"line":9,"column":28},"end":{"line":9,"column":67}},"line":9},"6":{"name":"(anonymous_6)","decl":{"start":{"line":10,"column":26},"end":{"line":10,"column":27}},"loc":{"start":{"line":10,"column":47},"end":{"line":10,"column":105}},"line":10}},"branchMap":{},"s":{"0":0,"1":0,"2":0,"3":0,"4":0,"5":0,"6":0,"7":0,"8":0,"9":0,"10":0,"11":0,"12":0},"f":{"0":0,"1":0,"2":0,"3":0,"4":0,"5":0,"6":0},"b":{}}
,"/Users/brunacarlota/Documents/fiap_3soat/tech-challenge/g2-3soat-sa-order-service/src/application/statusGateway.js": {"path":"/Users/brunacarlota/Documents/fiap_3soat/tech-challenge/g2-3soat-sa-order-service/src/application/statusGateway.js","statementMap":{"0":{"start":{"line":5,"column":18},"end":{"line":5,"column":64}},"1":{"start":{"line":5,"column":26},"end":{"line":5,"column":64}},"2":{"start":{"line":6,"column":13},"end":{"line":6,"column":62}},"3":{"start":{"line":6,"column":25},"end":{"line":6,"column":62}},"4":{"start":{"line":7,"column":17},"end":{"line":7,"column":58}},"5":{"start":{"line":7,"column":23},"end":{"line":7,"column":58}},"6":{"start":{"line":8,"column":20},"end":{"line":8,"column":84}},"7":{"start":{"line":8,"column":36},"end":{"line":8,"column":84}},"8":{"start":{"line":9,"column":20},"end":{"line":9,"column":68}},"9":{"start":{"line":9,"column":28},"end":{"line":9,"column":68}},"10":{"start":{"line":11,"column":1},"end":{"line":17,"column":2}}},"fnMap":{"0":{"name":"statusGateway","decl":{"start":{"line":3,"column":24},"end":{"line":3,"column":37}},"loc":{"start":{"line":3,"column":40},"end":{"line":18,"column":1}},"line":3},"1":{"name":"(anonymous_1)","decl":{"start":{"line":5,"column":18},"end":{"line":5,"column":19}},"loc":{"start":{"line":5,"column":26},"end":{"line":5,"column":64}},"line":5},"2":{"name":"(anonymous_2)","decl":{"start":{"line":6,"column":13},"end":{"line":6,"column":14}},"loc":{"start":{"line":6,"column":25},"end":{"line":6,"column":62}},"line":6},"3":{"name":"(anonymous_3)","decl":{"start":{"line":7,"column":17},"end":{"line":7,"column":18}},"loc":{"start":{"line":7,"column":23},"end":{"line":7,"column":58}},"line":7},"4":{"name":"(anonymous_4)","decl":{"start":{"line":8,"column":20},"end":{"line":8,"column":21}},"loc":{"start":{"line":8,"column":36},"end":{"line":8,"column":84}},"line":8},"5":{"name":"(anonymous_5)","decl":{"start":{"line":9,"column":20},"end":{"line":9,"column":21}},"loc":{"start":{"line":9,"column":28},"end":{"line":9,"column":68}},"line":9}},"branchMap":{},"s":{"0":0,"1":0,"2":0,"3":0,"4":0,"5":0,"6":0,"7":0,"8":0,"9":0,"10":0},"f":{"0":0,"1":0,"2":0,"3":0,"4":0,"5":0},"b":{}}
,"/Users/brunacarlota/Documents/fiap_3soat/tech-challenge/g2-3soat-sa-order-service/src/config/dbConnectMysql.js": {"path":"/Users/brunacarlota/Documents/fiap_3soat/tech-challenge/g2-3soat-sa-order-service/src/config/dbConnectMysql.js","statementMap":{"0":{"start":{"line":4,"column":29},"end":{"line":9,"column":2}},"1":{"start":{"line":11,"column":0},"end":{"line":17,"column":2}},"2":{"start":{"line":12,"column":1},"end":{"line":16,"column":2}},"3":{"start":{"line":13,"column":2},"end":{"line":13,"column":18}},"4":{"start":{"line":15,"column":2},"end":{"line":15,"column":27}}},"fnMap":{"0":{"name":"(anonymous_0)","decl":{"start":{"line":11,"column":29},"end":{"line":11,"column":30}},"loc":{"start":{"line":11,"column":44},"end":{"line":17,"column":1}},"line":11}},"branchMap":{"0":{"loc":{"start":{"line":12,"column":1},"end":{"line":16,"column":2}},"type":"if","locations":[{"start":{"line":12,"column":1},"end":{"line":16,"column":2}},{"start":{"line":14,"column":8},"end":{"line":16,"column":2}}],"line":12}},"s":{"0":0,"1":0,"2":0,"3":0,"4":0},"f":{"0":0},"b":{"0":[0,0]}}
,"/Users/brunacarlota/Documents/fiap_3soat/tech-challenge/g2-3soat-sa-order-service/src/controllers/orderController.js": {"path":"/Users/brunacarlota/Documents/fiap_3soat/tech-challenge/g2-3soat-sa-order-service/src/controllers/orderController.js","statementMap":{"0":{"start":{"line":11,"column":26},"end":{"line":17,"column":1}},"1":{"start":{"line":12,"column":24},"end":{"line":12,"column":130}},"2":{"start":{"line":12,"column":46},"end":{"line":12,"column":87}},"3":{"start":{"line":12,"column":104},"end":{"line":12,"column":129}},"4":{"start":{"line":13,"column":30},"end":{"line":13,"column":143}},"5":{"start":{"line":13,"column":52},"end":{"line":13,"column":100}},"6":{"start":{"line":13,"column":117},"end":{"line":13,"column":142}},"7":{"start":{"line":14,"column":28},"end":{"line":14,"column":138}},"8":{"start":{"line":14,"column":50},"end":{"line":14,"column":95}},"9":{"start":{"line":14,"column":112},"end":{"line":14,"column":137}},"10":{"start":{"line":16,"column":1},"end":{"line":16,"column":75}},"11":{"start":{"line":21,"column":21},"end":{"line":95,"column":2}},"12":{"start":{"line":22,"column":62},"end":{"line":22,"column":70}},"13":{"start":{"line":25,"column":21},"end":{"line":25,"column":45}},"14":{"start":{"line":26,"column":24},"end":{"line":26,"column":129}},"15":{"start":{"line":26,"column":51},"end":{"line":26,"column":128}},"16":{"start":{"line":29,"column":28},"end":{"line":49,"column":5}},"17":{"start":{"line":32,"column":3},"end":{"line":36,"column":4}},"18":{"start":{"line":33,"column":4},"end":{"line":33,"column":65}},"19":{"start":{"line":35,"column":4},"end":{"line":35,"column":25}},"20":{"start":{"line":37,"column":31},"end":{"line":37,"column":38}},"21":{"start":{"line":39,"column":3},"end":{"line":48,"column":4}},"22":{"start":{"line":51,"column":2},"end":{"line":53,"column":3}},"23":{"start":{"line":51,"column":40},"end":{"line":51,"column":67}},"24":{"start":{"line":52,"column":3},"end":{"line":52,"column":120}},"25":{"start":{"line":52,"column":88},"end":{"line":52,"column":115}},"26":{"start":{"line":56,"column":26},"end":{"line":56,"column":108}},"27":{"start":{"line":56,"column":71},"end":{"line":56,"column":104}},"28":{"start":{"line":59,"column":20},"end":{"line":70,"column":4}},"29":{"start":{"line":60,"column":3},"end":{"line":69,"column":4}},"30":{"start":{"line":72,"column":2},"end":{"line":94,"column":3}},"31":{"start":{"line":73,"column":17},"end":{"line":81,"column":4}},"32":{"start":{"line":83,"column":16},"end":{"line":88,"column":4}},"33":{"start":{"line":90,"column":18},"end":{"line":90,"column":40}},"34":{"start":{"line":91,"column":3},"end":{"line":91,"column":65}},"35":{"start":{"line":93,"column":3},"end":{"line":93,"column":75}},"36":{"start":{"line":97,"column":24},"end":{"line":109,"column":2}},"37":{"start":{"line":98,"column":17},"end":{"line":98,"column":27}},"38":{"start":{"line":99,"column":2},"end":{"line":108,"column":3}},"39":{"start":{"line":100,"column":18},"end":{"line":100,"column":43}},"40":{"start":{"line":102,"column":3},"end":{"line":104,"column":4}},"41":{"start":{"line":103,"column":4},"end":{"line":103,"column":65}},"42":{"start":{"line":105,"column":3},"end":{"line":105,"column":39}},"43":{"start":{"line":107,"column":3},"end":{"line":107,"column":81}},"44":{"start":{"line":111,"column":23},"end":{"line":129,"column":2}},"45":{"start":{"line":113,"column":2},"end":{"line":128,"column":3}},"46":{"start":{"line":114,"column":18},"end":{"line":114,"column":45}},"47":{"start":{"line":116,"column":3},"end":{"line":118,"column":4}},"48":{"start":{"line":117,"column":4},"end":{"line":117,"column":51}},"49":{"start":{"line":119,"column":3},"end":{"line":124,"column":4}},"50":{"start":{"line":120,"column":17},"end":{"line":120,"column":42}},"51":{"start":{"line":121,"column":4},"end":{"line":121,"column":38}},"52":{"start":{"line":123,"column":4},"end":{"line":123,"column":40}},"53":{"start":{"line":127,"column":3},"end":{"line":127,"column":80}},"54":{"start":{"line":131,"column":25},"end":{"line":140,"column":2}},"55":{"start":{"line":132,"column":17},"end":{"line":132,"column":27}},"56":{"start":{"line":134,"column":2},"end":{"line":139,"column":3}},"57":{"start":{"line":135,"column":3},"end":{"line":135,"column":27}},"58":{"start":{"line":136,"column":3},"end":{"line":136,"column":61}},"59":{"start":{"line":138,"column":3},"end":{"line":138,"column":84}},"60":{"start":{"line":142,"column":25},"end":{"line":158,"column":2}},"61":{"start":{"line":143,"column":81},"end":{"line":143,"column":89}},"62":{"start":{"line":144,"column":17},"end":{"line":144,"column":27}},"63":{"start":{"line":145,"column":3},"end":{"line":157,"column":3}},"64":{"start":{"line":146,"column":18},"end":{"line":153,"column":4}},"65":{"start":{"line":154,"column":3},"end":{"line":154,"column":39}},"66":{"start":{"line":156,"column":3},"end":{"line":156,"column":84}},"67":{"start":{"line":160,"column":26},"end":{"line":169,"column":2}},"68":{"start":{"line":161,"column":26},"end":{"line":161,"column":34}},"69":{"start":{"line":162,"column":17},"end":{"line":162,"column":27}},"70":{"start":{"line":163,"column":3},"end":{"line":168,"column":3}},"71":{"start":{"line":164,"column":18},"end":{"line":164,"column":64}},"72":{"start":{"line":165,"column":3},"end":{"line":165,"column":39}},"73":{"start":{"line":167,"column":3},"end":{"line":167,"column":84}},"74":{"start":{"line":171,"column":1},"end":{"line":178,"column":3}}},"fnMap":{"0":{"name":"(anonymous_0)","decl":{"start":{"line":11,"column":26},"end":{"line":11,"column":27}},"loc":{"start":{"line":11,"column":37},"end":{"line":17,"column":1}},"line":11},"1":{"name":"(anonymous_1)","decl":{"start":{"line":12,"column":37},"end":{"line":12,"column":38}},"loc":{"start":{"line":12,"column":46},"end":{"line":12,"column":87}},"line":12},"2":{"name":"(anonymous_2)","decl":{"start":{"line":12,"column":94},"end":{"line":12,"column":95}},"loc":{"start":{"line":12,"column":104},"end":{"line":12,"column":129}},"line":12},"3":{"name":"(anonymous_3)","decl":{"start":{"line":13,"column":43},"end":{"line":13,"column":44}},"loc":{"start":{"line":13,"column":52},"end":{"line":13,"column":100}},"line":13},"4":{"name":"(anonymous_4)","decl":{"start":{"line":13,"column":107},"end":{"line":13,"column":108}},"loc":{"start":{"line":13,"column":117},"end":{"line":13,"column":142}},"line":13},"5":{"name":"(anonymous_5)","decl":{"start":{"line":14,"column":41},"end":{"line":14,"column":42}},"loc":{"start":{"line":14,"column":50},"end":{"line":14,"column":95}},"line":14},"6":{"name":"(anonymous_6)","decl":{"start":{"line":14,"column":102},"end":{"line":14,"column":103}},"loc":{"start":{"line":14,"column":112},"end":{"line":14,"column":137}},"line":14},"7":{"name":"orderController","decl":{"start":{"line":19,"column":24},"end":{"line":19,"column":39}},"loc":{"start":{"line":19,"column":42},"end":{"line":179,"column":1}},"line":19},"8":{"name":"(anonymous_8)","decl":{"start":{"line":21,"column":21},"end":{"line":21,"column":22}},"loc":{"start":{"line":21,"column":41},"end":{"line":95,"column":2}},"line":21},"9":{"name":"(anonymous_9)","decl":{"start":{"line":26,"column":41},"end":{"line":26,"column":42}},"loc":{"start":{"line":26,"column":51},"end":{"line":26,"column":128}},"line":26},"10":{"name":"(anonymous_10)","decl":{"start":{"line":29,"column":75},"end":{"line":29,"column":76}},"loc":{"start":{"line":29,"column":94},"end":{"line":49,"column":3}},"line":29},"11":{"name":"(anonymous_11)","decl":{"start":{"line":51,"column":29},"end":{"line":51,"column":30}},"loc":{"start":{"line":51,"column":40},"end":{"line":51,"column":67}},"line":51},"12":{"name":"(anonymous_12)","decl":{"start":{"line":52,"column":77},"end":{"line":52,"column":78}},"loc":{"start":{"line":52,"column":88},"end":{"line":52,"column":115}},"line":52},"13":{"name":"(anonymous_13)","decl":{"start":{"line":56,"column":51},"end":{"line":56,"column":52}},"loc":{"start":{"line":56,"column":71},"end":{"line":56,"column":104}},"line":56},"14":{"name":"(anonymous_14)","decl":{"start":{"line":59,"column":42},"end":{"line":59,"column":43}},"loc":{"start":{"line":59,"column":53},"end":{"line":70,"column":3}},"line":59},"15":{"name":"(anonymous_15)","decl":{"start":{"line":97,"column":24},"end":{"line":97,"column":25}},"loc":{"start":{"line":97,"column":44},"end":{"line":109,"column":2}},"line":97},"16":{"name":"(anonymous_16)","decl":{"start":{"line":111,"column":23},"end":{"line":111,"column":24}},"loc":{"start":{"line":111,"column":43},"end":{"line":129,"column":2}},"line":111},"17":{"name":"(anonymous_17)","decl":{"start":{"line":131,"column":25},"end":{"line":131,"column":26}},"loc":{"start":{"line":131,"column":45},"end":{"line":140,"column":2}},"line":131},"18":{"name":"(anonymous_18)","decl":{"start":{"line":142,"column":25},"end":{"line":142,"column":26}},"loc":{"start":{"line":142,"column":45},"end":{"line":158,"column":2}},"line":142},"19":{"name":"(anonymous_19)","decl":{"start":{"line":160,"column":26},"end":{"line":160,"column":27}},"loc":{"start":{"line":160,"column":46},"end":{"line":169,"column":2}},"line":160}},"branchMap":{"0":{"loc":{"start":{"line":26,"column":51},"end":{"line":26,"column":128}},"type":"binary-expr","locations":[{"start":{"line":26,"column":51},"end":{"line":26,"column":83}},{"start":{"line":26,"column":87},"end":{"line":26,"column":128}}],"line":26},"1":{"loc":{"start":{"line":51,"column":2},"end":{"line":53,"column":3}},"type":"if","locations":[{"start":{"line":51,"column":2},"end":{"line":53,"column":3}},{"start":{},"end":{}}],"line":51},"2":{"loc":{"start":{"line":102,"column":3},"end":{"line":104,"column":4}},"type":"if","locations":[{"start":{"line":102,"column":3},"end":{"line":104,"column":4}},{"start":{},"end":{}}],"line":102},"3":{"loc":{"start":{"line":116,"column":3},"end":{"line":118,"column":4}},"type":"if","locations":[{"start":{"line":116,"column":3},"end":{"line":118,"column":4}},{"start":{},"end":{}}],"line":116},"4":{"loc":{"start":{"line":119,"column":3},"end":{"line":124,"column":4}},"type":"if","locations":[{"start":{"line":119,"column":3},"end":{"line":124,"column":4}},{"start":{"line":122,"column":10},"end":{"line":124,"column":4}}],"line":119}},"s":{"0":0,"1":0,"2":0,"3":0,"4":0,"5":0,"6":0,"7":0,"8":0,"9":0,"10":0,"11":0,"12":0,"13":0,"14":0,"15":0,"16":0,"17":0,"18":0,"19":0,"20":0,"21":0,"22":0,"23":0,"24":0,"25":0,"26":0,"27":0,"28":0,"29":0,"30":0,"31":0,"32":0,"33":0,"34":0,"35":0,"36":0,"37":0,"38":0,"39":0,"40":0,"41":0,"42":0,"43":0,"44":0,"45":0,"46":0,"47":0,"48":0,"49":0,"50":0,"51":0,"52":0,"53":0,"54":0,"55":0,"56":0,"57":0,"58":0,"59":0,"60":0,"61":0,"62":0,"63":0,"64":0,"65":0,"66":0,"67":0,"68":0,"69":0,"70":0,"71":0,"72":0,"73":0,"74":0},"f":{"0":0,"1":0,"2":0,"3":0,"4":0,"5":0,"6":0,"7":0,"8":0,"9":0,"10":0,"11":0,"12":0,"13":0,"14":0,"15":0,"16":0,"17":0,"18":0,"19":0},"b":{"0":[0,0],"1":[0,0],"2":[0,0],"3":[0,0],"4":[0,0]}}
,"/Users/brunacarlota/Documents/fiap_3soat/tech-challenge/g2-3soat-sa-order-service/src/controllers/statusController.js": {"path":"/Users/brunacarlota/Documents/fiap_3soat/tech-challenge/g2-3soat-sa-order-service/src/controllers/statusController.js","statementMap":{"0":{"start":{"line":9,"column":22},"end":{"line":17,"column":2}},"1":{"start":{"line":10,"column":38},"end":{"line":10,"column":46}},"2":{"start":{"line":11,"column":2},"end":{"line":16,"column":3}},"3":{"start":{"line":12,"column":18},"end":{"line":12,"column":78}},"4":{"start":{"line":13,"column":3},"end":{"line":13,"column":39}},"5":{"start":{"line":15,"column":3},"end":{"line":15,"column":76}},"6":{"start":{"line":19,"column":25},"end":{"line":29,"column":2}},"7":{"start":{"line":20,"column":2},"end":{"line":28,"column":3}},"8":{"start":{"line":21,"column":18},"end":{"line":21,"column":54}},"9":{"start":{"line":22,"column":3},"end":{"line":24,"column":4}},"10":{"start":{"line":23,"column":4},"end":{"line":23,"column":77}},"11":{"start":{"line":25,"column":3},"end":{"line":25,"column":39}},"12":{"start":{"line":27,"column":3},"end":{"line":27,"column":83}},"13":{"start":{"line":31,"column":24},"end":{"line":38,"column":2}},"14":{"start":{"line":32,"column":2},"end":{"line":37,"column":3}},"15":{"start":{"line":33,"column":22},"end":{"line":33,"column":43}},"16":{"start":{"line":34,"column":3},"end":{"line":34,"column":43}},"17":{"start":{"line":36,"column":3},"end":{"line":36,"column":82}},"18":{"start":{"line":40,"column":26},"end":{"line":49,"column":2}},"19":{"start":{"line":41,"column":17},"end":{"line":41,"column":27}},"20":{"start":{"line":43,"column":2},"end":{"line":48,"column":3}},"21":{"start":{"line":44,"column":22},"end":{"line":44,"column":45}},"22":{"start":{"line":45,"column":3},"end":{"line":45,"column":43}},"23":{"start":{"line":47,"column":3},"end":{"line":47,"column":84}},"24":{"start":{"line":51,"column":26},"end":{"line":60,"column":2}},"25":{"start":{"line":52,"column":38},"end":{"line":52,"column":46}},"26":{"start":{"line":53,"column":17},"end":{"line":53,"column":27}},"27":{"start":{"line":54,"column":3},"end":{"line":59,"column":3}},"28":{"start":{"line":55,"column":18},"end":{"line":55,"column":78}},"29":{"start":{"line":56,"column":3},"end":{"line":56,"column":39}},"30":{"start":{"line":58,"column":3},"end":{"line":58,"column":84}},"31":{"start":{"line":62,"column":1},"end":{"line":68,"column":3}}},"fnMap":{"0":{"name":"statusController","decl":{"start":{"line":7,"column":24},"end":{"line":7,"column":40}},"loc":{"start":{"line":7,"column":43},"end":{"line":69,"column":1}},"line":7},"1":{"name":"(anonymous_1)","decl":{"start":{"line":9,"column":22},"end":{"line":9,"column":23}},"loc":{"start":{"line":9,"column":42},"end":{"line":17,"column":2}},"line":9},"2":{"name":"(anonymous_2)","decl":{"start":{"line":19,"column":25},"end":{"line":19,"column":26}},"loc":{"start":{"line":19,"column":45},"end":{"line":29,"column":2}},"line":19},"3":{"name":"(anonymous_3)","decl":{"start":{"line":31,"column":24},"end":{"line":31,"column":25}},"loc":{"start":{"line":31,"column":44},"end":{"line":38,"column":2}},"line":31},"4":{"name":"(anonymous_4)","decl":{"start":{"line":40,"column":26},"end":{"line":40,"column":27}},"loc":{"start":{"line":40,"column":46},"end":{"line":49,"column":2}},"line":40},"5":{"name":"(anonymous_5)","decl":{"start":{"line":51,"column":26},"end":{"line":51,"column":27}},"loc":{"start":{"line":51,"column":46},"end":{"line":60,"column":2}},"line":51}},"branchMap":{"0":{"loc":{"start":{"line":22,"column":3},"end":{"line":24,"column":4}},"type":"if","locations":[{"start":{"line":22,"column":3},"end":{"line":24,"column":4}},{"start":{},"end":{}}],"line":22}},"s":{"0":0,"1":0,"2":0,"3":0,"4":0,"5":0,"6":0,"7":0,"8":0,"9":0,"10":0,"11":0,"12":0,"13":0,"14":0,"15":0,"16":0,"17":0,"18":0,"19":0,"20":0,"21":0,"22":0,"23":0,"24":0,"25":0,"26":0,"27":0,"28":0,"29":0,"30":0,"31":0},"f":{"0":0,"1":0,"2":0,"3":0,"4":0,"5":0},"b":{"0":[0,0]}}
,"/Users/brunacarlota/Documents/fiap_3soat/tech-challenge/g2-3soat-sa-order-service/src/db/database/mySql/repositories/orderRepositoryMySqlDB.js": {"path":"/Users/brunacarlota/Documents/fiap_3soat/tech-challenge/g2-3soat-sa-order-service/src/db/database/mySql/repositories/orderRepositoryMySqlDB.js","statementMap":{"0":{"start":{"line":4,"column":13},"end":{"line":33,"column":2}},"1":{"start":{"line":5,"column":2},"end":{"line":32,"column":5}},"2":{"start":{"line":7,"column":3},"end":{"line":31,"column":6}},"3":{"start":{"line":8,"column":4},"end":{"line":10,"column":5}},"4":{"start":{"line":9,"column":5},"end":{"line":9,"column":31}},"5":{"start":{"line":11,"column":24},"end":{"line":11,"column":154}},"6":{"start":{"line":12,"column":26},"end":{"line":12,"column":128}},"7":{"start":{"line":12,"column":83},"end":{"line":12,"column":127}},"8":{"start":{"line":13,"column":4},"end":{"line":30,"column":7}},"9":{"start":{"line":14,"column":5},"end":{"line":16,"column":6}},"10":{"start":{"line":15,"column":6},"end":{"line":15,"column":46}},"11":{"start":{"line":15,"column":31},"end":{"line":15,"column":44}},"12":{"start":{"line":17,"column":21},"end":{"line":17,"column":36}},"13":{"start":{"line":18,"column":32},"end":{"line":18,"column":117}},"14":{"start":{"line":19,"column":5},"end":{"line":29,"column":8}},"15":{"start":{"line":19,"column":64},"end":{"line":19,"column":85}},"16":{"start":{"line":20,"column":6},"end":{"line":22,"column":7}},"17":{"start":{"line":21,"column":7},"end":{"line":21,"column":54}},"18":{"start":{"line":21,"column":32},"end":{"line":21,"column":52}},"19":{"start":{"line":23,"column":6},"end":{"line":28,"column":9}},"20":{"start":{"line":24,"column":7},"end":{"line":26,"column":8}},"21":{"start":{"line":25,"column":8},"end":{"line":25,"column":54}},"22":{"start":{"line":25,"column":33},"end":{"line":25,"column":52}},"23":{"start":{"line":27,"column":7},"end":{"line":27,"column":44}},"24":{"start":{"line":35,"column":17},"end":{"line":55,"column":2}},"25":{"start":{"line":36,"column":2},"end":{"line":54,"column":5}},"26":{"start":{"line":37,"column":3},"end":{"line":53,"column":6}},"27":{"start":{"line":38,"column":4},"end":{"line":40,"column":5}},"28":{"start":{"line":39,"column":5},"end":{"line":39,"column":31}},"29":{"start":{"line":41,"column":19},"end":{"line":41,"column":56}},"30":{"start":{"line":42,"column":4},"end":{"line":52,"column":7}},"31":{"start":{"line":43,"column":5},"end":{"line":45,"column":6}},"32":{"start":{"line":44,"column":6},"end":{"line":44,"column":51}},"33":{"start":{"line":44,"column":31},"end":{"line":44,"column":49}},"34":{"start":{"line":46,"column":5},"end":{"line":51,"column":8}},"35":{"start":{"line":47,"column":6},"end":{"line":49,"column":7}},"36":{"start":{"line":48,"column":7},"end":{"line":48,"column":53}},"37":{"start":{"line":48,"column":32},"end":{"line":48,"column":51}},"38":{"start":{"line":50,"column":6},"end":{"line":50,"column":22}},"39":{"start":{"line":57,"column":18},"end":{"line":85,"column":2}},"40":{"start":{"line":58,"column":2},"end":{"line":84,"column":5}},"41":{"start":{"line":60,"column":3},"end":{"line":83,"column":6}},"42":{"start":{"line":61,"column":4},"end":{"line":63,"column":5}},"43":{"start":{"line":62,"column":5},"end":{"line":62,"column":31}},"44":{"start":{"line":65,"column":19},"end":{"line":65,"column":54}},"45":{"start":{"line":66,"column":4},"end":{"line":82,"column":7}},"46":{"start":{"line":67,"column":5},"end":{"line":70,"column":6}},"47":{"start":{"line":69,"column":6},"end":{"line":69,"column":51}},"48":{"start":{"line":69,"column":31},"end":{"line":69,"column":49}},"49":{"start":{"line":73,"column":5},"end":{"line":81,"column":8}},"50":{"start":{"line":74,"column":6},"end":{"line":77,"column":7}},"51":{"start":{"line":76,"column":7},"end":{"line":76,"column":53}},"52":{"start":{"line":76,"column":32},"end":{"line":76,"column":51}},"53":{"start":{"line":80,"column":6},"end":{"line":80,"column":22}},"54":{"start":{"line":87,"column":20},"end":{"line":114,"column":2}},"55":{"start":{"line":88,"column":2},"end":{"line":113,"column":5}},"56":{"start":{"line":90,"column":3},"end":{"line":112,"column":6}},"57":{"start":{"line":91,"column":4},"end":{"line":93,"column":5}},"58":{"start":{"line":92,"column":5},"end":{"line":92,"column":31}},"59":{"start":{"line":95,"column":19},"end":{"line":95,"column":109}},"60":{"start":{"line":96,"column":4},"end":{"line":111,"column":7}},"61":{"start":{"line":97,"column":5},"end":{"line":100,"column":6}},"62":{"start":{"line":99,"column":6},"end":{"line":99,"column":51}},"63":{"start":{"line":99,"column":31},"end":{"line":99,"column":49}},"64":{"start":{"line":103,"column":5},"end":{"line":110,"column":8}},"65":{"start":{"line":104,"column":6},"end":{"line":107,"column":7}},"66":{"start":{"line":106,"column":7},"end":{"line":106,"column":53}},"67":{"start":{"line":106,"column":32},"end":{"line":106,"column":51}},"68":{"start":{"line":109,"column":6},"end":{"line":109,"column":22}},"69":{"start":{"line":116,"column":20},"end":{"line":153,"column":2}},"70":{"start":{"line":117,"column":2},"end":{"line":152,"column":5}},"71":{"start":{"line":119,"column":3},"end":{"line":151,"column":6}},"72":{"start":{"line":120,"column":4},"end":{"line":122,"column":5}},"73":{"start":{"line":121,"column":5},"end":{"line":121,"column":31}},"74":{"start":{"line":124,"column":24},"end":{"line":124,"column":147}},"75":{"start":{"line":125,"column":4},"end":{"line":150,"column":7}},"76":{"start":{"line":126,"column":5},"end":{"line":129,"column":6}},"77":{"start":{"line":128,"column":6},"end":{"line":128,"column":46}},"78":{"start":{"line":128,"column":31},"end":{"line":128,"column":44}},"79":{"start":{"line":132,"column":5},"end":{"line":149,"column":8}},"80":{"start":{"line":133,"column":6},"end":{"line":136,"column":7}},"81":{"start":{"line":135,"column":7},"end":{"line":135,"column":53}},"82":{"start":{"line":135,"column":32},"end":{"line":135,"column":51}},"83":{"start":{"line":140,"column":24},"end":{"line":140,"column":43}},"84":{"start":{"line":141,"column":20},"end":{"line":141,"column":42}},"85":{"start":{"line":143,"column":6},"end":{"line":146,"column":7}},"86":{"start":{"line":144,"column":7},"end":{"line":144,"column":42}},"87":{"start":{"line":145,"column":7},"end":{"line":145,"column":46}},"88":{"start":{"line":148,"column":6},"end":{"line":148,"column":74}},"89":{"start":{"line":155,"column":26},"end":{"line":190,"column":2}},"90":{"start":{"line":156,"column":2},"end":{"line":189,"column":5}},"91":{"start":{"line":158,"column":3},"end":{"line":188,"column":6}},"92":{"start":{"line":159,"column":4},"end":{"line":161,"column":5}},"93":{"start":{"line":160,"column":5},"end":{"line":160,"column":31}},"94":{"start":{"line":163,"column":24},"end":{"line":163,"column":100}},"95":{"start":{"line":164,"column":4},"end":{"line":187,"column":7}},"96":{"start":{"line":165,"column":5},"end":{"line":168,"column":6}},"97":{"start":{"line":167,"column":6},"end":{"line":167,"column":46}},"98":{"start":{"line":167,"column":31},"end":{"line":167,"column":44}},"99":{"start":{"line":171,"column":5},"end":{"line":186,"column":8}},"100":{"start":{"line":172,"column":6},"end":{"line":175,"column":7}},"101":{"start":{"line":174,"column":7},"end":{"line":174,"column":53}},"102":{"start":{"line":174,"column":32},"end":{"line":174,"column":51}},"103":{"start":{"line":177,"column":24},"end":{"line":177,"column":43}},"104":{"start":{"line":178,"column":20},"end":{"line":178,"column":35}},"105":{"start":{"line":180,"column":6},"end":{"line":183,"column":7}},"106":{"start":{"line":181,"column":7},"end":{"line":181,"column":35}},"107":{"start":{"line":182,"column":7},"end":{"line":182,"column":56}},"108":{"start":{"line":185,"column":6},"end":{"line":185,"column":55}},"109":{"start":{"line":192,"column":1},"end":{"line":199,"column":2}}},"fnMap":{"0":{"name":"orderRepositoryMongoDB","decl":{"start":{"line":3,"column":24},"end":{"line":3,"column":46}},"loc":{"start":{"line":3,"column":49},"end":{"line":200,"column":1}},"line":3},"1":{"name":"(anonymous_1)","decl":{"start":{"line":4,"column":13},"end":{"line":4,"column":14}},"loc":{"start":{"line":4,"column":36},"end":{"line":33,"column":2}},"line":4},"2":{"name":"(anonymous_2)","decl":{"start":{"line":5,"column":21},"end":{"line":5,"column":22}},"loc":{"start":{"line":5,"column":42},"end":{"line":32,"column":3}},"line":5},"3":{"name":"(anonymous_3)","decl":{"start":{"line":7,"column":23},"end":{"line":7,"column":24}},"loc":{"start":{"line":7,"column":39},"end":{"line":31,"column":4}},"line":7},"4":{"name":"(anonymous_4)","decl":{"start":{"line":12,"column":72},"end":{"line":12,"column":73}},"loc":{"start":{"line":12,"column":83},"end":{"line":12,"column":127}},"line":12},"5":{"name":"(anonymous_5)","decl":{"start":{"line":13,"column":149},"end":{"line":13,"column":150}},"loc":{"start":{"line":13,"column":168},"end":{"line":30,"column":5}},"line":13},"6":{"name":"(anonymous_6)","decl":{"start":{"line":15,"column":25},"end":{"line":15,"column":26}},"loc":{"start":{"line":15,"column":31},"end":{"line":15,"column":44}},"line":15},"7":{"name":"(anonymous_7)","decl":{"start":{"line":19,"column":53},"end":{"line":19,"column":54}},"loc":{"start":{"line":19,"column":64},"end":{"line":19,"column":85}},"line":19},"8":{"name":"(anonymous_8)","decl":{"start":{"line":19,"column":89},"end":{"line":19,"column":90}},"loc":{"start":{"line":19,"column":107},"end":{"line":29,"column":6}},"line":19},"9":{"name":"(anonymous_9)","decl":{"start":{"line":21,"column":26},"end":{"line":21,"column":27}},"loc":{"start":{"line":21,"column":32},"end":{"line":21,"column":52}},"line":21},"10":{"name":"(anonymous_10)","decl":{"start":{"line":23,"column":16},"end":{"line":23,"column":17}},"loc":{"start":{"line":23,"column":33},"end":{"line":28,"column":7}},"line":23},"11":{"name":"(anonymous_11)","decl":{"start":{"line":25,"column":27},"end":{"line":25,"column":28}},"loc":{"start":{"line":25,"column":33},"end":{"line":25,"column":52}},"line":25},"12":{"name":"(anonymous_12)","decl":{"start":{"line":35,"column":17},"end":{"line":35,"column":18}},"loc":{"start":{"line":35,"column":29},"end":{"line":55,"column":2}},"line":35},"13":{"name":"(anonymous_13)","decl":{"start":{"line":36,"column":21},"end":{"line":36,"column":22}},"loc":{"start":{"line":36,"column":42},"end":{"line":54,"column":3}},"line":36},"14":{"name":"(anonymous_14)","decl":{"start":{"line":37,"column":23},"end":{"line":37,"column":24}},"loc":{"start":{"line":37,"column":39},"end":{"line":53,"column":4}},"line":37},"15":{"name":"(anonymous_15)","decl":{"start":{"line":42,"column":21},"end":{"line":42,"column":22}},"loc":{"start":{"line":42,"column":45},"end":{"line":52,"column":5}},"line":42},"16":{"name":"(anonymous_16)","decl":{"start":{"line":44,"column":25},"end":{"line":44,"column":26}},"loc":{"start":{"line":44,"column":31},"end":{"line":44,"column":49}},"line":44},"17":{"name":"(anonymous_17)","decl":{"start":{"line":46,"column":15},"end":{"line":46,"column":16}},"loc":{"start":{"line":46,"column":32},"end":{"line":51,"column":6}},"line":46},"18":{"name":"(anonymous_18)","decl":{"start":{"line":48,"column":26},"end":{"line":48,"column":27}},"loc":{"start":{"line":48,"column":32},"end":{"line":48,"column":51}},"line":48},"19":{"name":"(anonymous_19)","decl":{"start":{"line":57,"column":18},"end":{"line":57,"column":19}},"loc":{"start":{"line":57,"column":32},"end":{"line":85,"column":2}},"line":57},"20":{"name":"(anonymous_20)","decl":{"start":{"line":58,"column":21},"end":{"line":58,"column":22}},"loc":{"start":{"line":58,"column":42},"end":{"line":84,"column":3}},"line":58},"21":{"name":"(anonymous_21)","decl":{"start":{"line":60,"column":23},"end":{"line":60,"column":24}},"loc":{"start":{"line":60,"column":39},"end":{"line":83,"column":4}},"line":60},"22":{"name":"(anonymous_22)","decl":{"start":{"line":66,"column":27},"end":{"line":66,"column":28}},"loc":{"start":{"line":66,"column":51},"end":{"line":82,"column":5}},"line":66},"23":{"name":"(anonymous_23)","decl":{"start":{"line":69,"column":25},"end":{"line":69,"column":26}},"loc":{"start":{"line":69,"column":31},"end":{"line":69,"column":49}},"line":69},"24":{"name":"(anonymous_24)","decl":{"start":{"line":73,"column":15},"end":{"line":73,"column":16}},"loc":{"start":{"line":73,"column":32},"end":{"line":81,"column":6}},"line":73},"25":{"name":"(anonymous_25)","decl":{"start":{"line":76,"column":26},"end":{"line":76,"column":27}},"loc":{"start":{"line":76,"column":32},"end":{"line":76,"column":51}},"line":76},"26":{"name":"(anonymous_26)","decl":{"start":{"line":87,"column":20},"end":{"line":87,"column":21}},"loc":{"start":{"line":87,"column":34},"end":{"line":114,"column":2}},"line":87},"27":{"name":"(anonymous_27)","decl":{"start":{"line":88,"column":21},"end":{"line":88,"column":22}},"loc":{"start":{"line":88,"column":42},"end":{"line":113,"column":3}},"line":88},"28":{"name":"(anonymous_28)","decl":{"start":{"line":90,"column":23},"end":{"line":90,"column":24}},"loc":{"start":{"line":90,"column":39},"end":{"line":112,"column":4}},"line":90},"29":{"name":"(anonymous_29)","decl":{"start":{"line":96,"column":31},"end":{"line":96,"column":32}},"loc":{"start":{"line":96,"column":55},"end":{"line":111,"column":5}},"line":96},"30":{"name":"(anonymous_30)","decl":{"start":{"line":99,"column":25},"end":{"line":99,"column":26}},"loc":{"start":{"line":99,"column":31},"end":{"line":99,"column":49}},"line":99},"31":{"name":"(anonymous_31)","decl":{"start":{"line":103,"column":15},"end":{"line":103,"column":16}},"loc":{"start":{"line":103,"column":32},"end":{"line":110,"column":6}},"line":103},"32":{"name":"(anonymous_32)","decl":{"start":{"line":106,"column":26},"end":{"line":106,"column":27}},"loc":{"start":{"line":106,"column":32},"end":{"line":106,"column":51}},"line":106},"33":{"name":"(anonymous_33)","decl":{"start":{"line":116,"column":20},"end":{"line":116,"column":21}},"loc":{"start":{"line":116,"column":47},"end":{"line":153,"column":2}},"line":116},"34":{"name":"(anonymous_34)","decl":{"start":{"line":117,"column":21},"end":{"line":117,"column":22}},"loc":{"start":{"line":117,"column":42},"end":{"line":152,"column":3}},"line":117},"35":{"name":"(anonymous_35)","decl":{"start":{"line":119,"column":23},"end":{"line":119,"column":24}},"loc":{"start":{"line":119,"column":39},"end":{"line":151,"column":4}},"line":119},"36":{"name":"(anonymous_36)","decl":{"start":{"line":125,"column":153},"end":{"line":125,"column":154}},"loc":{"start":{"line":125,"column":172},"end":{"line":150,"column":5}},"line":125},"37":{"name":"(anonymous_37)","decl":{"start":{"line":128,"column":25},"end":{"line":128,"column":26}},"loc":{"start":{"line":128,"column":31},"end":{"line":128,"column":44}},"line":128},"38":{"name":"(anonymous_38)","decl":{"start":{"line":132,"column":15},"end":{"line":132,"column":16}},"loc":{"start":{"line":132,"column":32},"end":{"line":149,"column":6}},"line":132},"39":{"name":"(anonymous_39)","decl":{"start":{"line":135,"column":26},"end":{"line":135,"column":27}},"loc":{"start":{"line":135,"column":32},"end":{"line":135,"column":51}},"line":135},"40":{"name":"(anonymous_40)","decl":{"start":{"line":155,"column":26},"end":{"line":155,"column":27}},"loc":{"start":{"line":155,"column":48},"end":{"line":190,"column":2}},"line":155},"41":{"name":"(anonymous_41)","decl":{"start":{"line":156,"column":21},"end":{"line":156,"column":22}},"loc":{"start":{"line":156,"column":42},"end":{"line":189,"column":3}},"line":156},"42":{"name":"(anonymous_42)","decl":{"start":{"line":158,"column":23},"end":{"line":158,"column":24}},"loc":{"start":{"line":158,"column":39},"end":{"line":188,"column":4}},"line":158},"43":{"name":"(anonymous_43)","decl":{"start":{"line":164,"column":40},"end":{"line":164,"column":41}},"loc":{"start":{"line":164,"column":59},"end":{"line":187,"column":5}},"line":164},"44":{"name":"(anonymous_44)","decl":{"start":{"line":167,"column":25},"end":{"line":167,"column":26}},"loc":{"start":{"line":167,"column":31},"end":{"line":167,"column":44}},"line":167},"45":{"name":"(anonymous_45)","decl":{"start":{"line":171,"column":15},"end":{"line":171,"column":16}},"loc":{"start":{"line":171,"column":32},"end":{"line":186,"column":6}},"line":171},"46":{"name":"(anonymous_46)","decl":{"start":{"line":174,"column":26},"end":{"line":174,"column":27}},"loc":{"start":{"line":174,"column":32},"end":{"line":174,"column":51}},"line":174}},"branchMap":{"0":{"loc":{"start":{"line":8,"column":4},"end":{"line":10,"column":5}},"type":"if","locations":[{"start":{"line":8,"column":4},"end":{"line":10,"column":5}},{"start":{},"end":{}}],"line":8},"1":{"loc":{"start":{"line":14,"column":5},"end":{"line":16,"column":6}},"type":"if","locations":[{"start":{"line":14,"column":5},"end":{"line":16,"column":6}},{"start":{},"end":{}}],"line":14},"2":{"loc":{"start":{"line":20,"column":6},"end":{"line":22,"column":7}},"type":"if","locations":[{"start":{"line":20,"column":6},"end":{"line":22,"column":7}},{"start":{},"end":{}}],"line":20},"3":{"loc":{"start":{"line":24,"column":7},"end":{"line":26,"column":8}},"type":"if","locations":[{"start":{"line":24,"column":7},"end":{"line":26,"column":8}},{"start":{},"end":{}}],"line":24},"4":{"loc":{"start":{"line":38,"column":4},"end":{"line":40,"column":5}},"type":"if","locations":[{"start":{"line":38,"column":4},"end":{"line":40,"column":5}},{"start":{},"end":{}}],"line":38},"5":{"loc":{"start":{"line":43,"column":5},"end":{"line":45,"column":6}},"type":"if","locations":[{"start":{"line":43,"column":5},"end":{"line":45,"column":6}},{"start":{},"end":{}}],"line":43},"6":{"loc":{"start":{"line":47,"column":6},"end":{"line":49,"column":7}},"type":"if","locations":[{"start":{"line":47,"column":6},"end":{"line":49,"column":7}},{"start":{},"end":{}}],"line":47},"7":{"loc":{"start":{"line":61,"column":4},"end":{"line":63,"column":5}},"type":"if","locations":[{"start":{"line":61,"column":4},"end":{"line":63,"column":5}},{"start":{},"end":{}}],"line":61},"8":{"loc":{"start":{"line":67,"column":5},"end":{"line":70,"column":6}},"type":"if","locations":[{"start":{"line":67,"column":5},"end":{"line":70,"column":6}},{"start":{},"end":{}}],"line":67},"9":{"loc":{"start":{"line":74,"column":6},"end":{"line":77,"column":7}},"type":"if","locations":[{"start":{"line":74,"column":6},"end":{"line":77,"column":7}},{"start":{},"end":{}}],"line":74},"10":{"loc":{"start":{"line":91,"column":4},"end":{"line":93,"column":5}},"type":"if","locations":[{"start":{"line":91,"column":4},"end":{"line":93,"column":5}},{"start":{},"end":{}}],"line":91},"11":{"loc":{"start":{"line":97,"column":5},"end":{"line":100,"column":6}},"type":"if","locations":[{"start":{"line":97,"column":5},"end":{"line":100,"column":6}},{"start":{},"end":{}}],"line":97},"12":{"loc":{"start":{"line":104,"column":6},"end":{"line":107,"column":7}},"type":"if","locations":[{"start":{"line":104,"column":6},"end":{"line":107,"column":7}},{"start":{},"end":{}}],"line":104},"13":{"loc":{"start":{"line":120,"column":4},"end":{"line":122,"column":5}},"type":"if","locations":[{"start":{"line":120,"column":4},"end":{"line":122,"column":5}},{"start":{},"end":{}}],"line":120},"14":{"loc":{"start":{"line":126,"column":5},"end":{"line":129,"column":6}},"type":"if","locations":[{"start":{"line":126,"column":5},"end":{"line":129,"column":6}},{"start":{},"end":{}}],"line":126},"15":{"loc":{"start":{"line":133,"column":6},"end":{"line":136,"column":7}},"type":"if","locations":[{"start":{"line":133,"column":6},"end":{"line":136,"column":7}},{"start":{},"end":{}}],"line":133},"16":{"loc":{"start":{"line":143,"column":6},"end":{"line":146,"column":7}},"type":"if","locations":[{"start":{"line":143,"column":6},"end":{"line":146,"column":7}},{"start":{},"end":{}}],"line":143},"17":{"loc":{"start":{"line":159,"column":4},"end":{"line":161,"column":5}},"type":"if","locations":[{"start":{"line":159,"column":4},"end":{"line":161,"column":5}},{"start":{},"end":{}}],"line":159},"18":{"loc":{"start":{"line":165,"column":5},"end":{"line":168,"column":6}},"type":"if","locations":[{"start":{"line":165,"column":5},"end":{"line":168,"column":6}},{"start":{},"end":{}}],"line":165},"19":{"loc":{"start":{"line":172,"column":6},"end":{"line":175,"column":7}},"type":"if","locations":[{"start":{"line":172,"column":6},"end":{"line":175,"column":7}},{"start":{},"end":{}}],"line":172},"20":{"loc":{"start":{"line":180,"column":6},"end":{"line":183,"column":7}},"type":"if","locations":[{"start":{"line":180,"column":6},"end":{"line":183,"column":7}},{"start":{},"end":{}}],"line":180}},"s":{"0":0,"1":0,"2":0,"3":0,"4":0,"5":0,"6":0,"7":0,"8":0,"9":0,"10":0,"11":0,"12":0,"13":0,"14":0,"15":0,"16":0,"17":0,"18":0,"19":0,"20":0,"21":0,"22":0,"23":0,"24":0,"25":0,"26":0,"27":0,"28":0,"29":0,"30":0,"31":0,"32":0,"33":0,"34":0,"35":0,"36":0,"37":0,"38":0,"39":0,"40":0,"41":0,"42":0,"43":0,"44":0,"45":0,"46":0,"47":0,"48":0,"49":0,"50":0,"51":0,"52":0,"53":0,"54":0,"55":0,"56":0,"57":0,"58":0,"59":0,"60":0,"61":0,"62":0,"63":0,"64":0,"65":0,"66":0,"67":0,"68":0,"69":0,"70":0,"71":0,"72":0,"73":0,"74":0,"75":0,"76":0,"77":0,"78":0,"79":0,"80":0,"81":0,"82":0,"83":0,"84":0,"85":0,"86":0,"87":0,"88":0,"89":0,"90":0,"91":0,"92":0,"93":0,"94":0,"95":0,"96":0,"97":0,"98":0,"99":0,"100":0,"101":0,"102":0,"103":0,"104":0,"105":0,"106":0,"107":0,"108":0,"109":0},"f":{"0":0,"1":0,"2":0,"3":0,"4":0,"5":0,"6":0,"7":0,"8":0,"9":0,"10":0,"11":0,"12":0,"13":0,"14":0,"15":0,"16":0,"17":0,"18":0,"19":0,"20":0,"21":0,"22":0,"23":0,"24":0,"25":0,"26":0,"27":0,"28":0,"29":0,"30":0,"31":0,"32":0,"33":0,"34":0,"35":0,"36":0,"37":0,"38":0,"39":0,"40":0,"41":0,"42":0,"43":0,"44":0,"45":0,"46":0},"b":{"0":[0,0],"1":[0,0],"2":[0,0],"3":[0,0],"4":[0,0],"5":[0,0],"6":[0,0],"7":[0,0],"8":[0,0],"9":[0,0],"10":[0,0],"11":[0,0],"12":[0,0],"13":[0,0],"14":[0,0],"15":[0,0],"16":[0,0],"17":[0,0],"18":[0,0],"19":[0,0],"20":[0,0]}}
,"/Users/brunacarlota/Documents/fiap_3soat/tech-challenge/g2-3soat-sa-order-service/src/db/database/mySql/repositories/statusRepositoryMySqlDB.js": {"path":"/Users/brunacarlota/Documents/fiap_3soat/tech-challenge/g2-3soat-sa-order-service/src/db/database/mySql/repositories/statusRepositoryMySqlDB.js","statementMap":{"0":{"start":{"line":5,"column":13},"end":{"line":33,"column":2}},"1":{"start":{"line":6,"column":2},"end":{"line":32,"column":5}},"2":{"start":{"line":8,"column":3},"end":{"line":31,"column":6}},"3":{"start":{"line":9,"column":4},"end":{"line":11,"column":5}},"4":{"start":{"line":10,"column":5},"end":{"line":10,"column":31}},"5":{"start":{"line":13,"column":24},"end":{"line":13,"column":119}},"6":{"start":{"line":14,"column":4},"end":{"line":30,"column":7}},"7":{"start":{"line":15,"column":5},"end":{"line":18,"column":6}},"8":{"start":{"line":17,"column":6},"end":{"line":17,"column":46}},"9":{"start":{"line":17,"column":31},"end":{"line":17,"column":44}},"10":{"start":{"line":21,"column":5},"end":{"line":29,"column":8}},"11":{"start":{"line":22,"column":6},"end":{"line":25,"column":7}},"12":{"start":{"line":24,"column":7},"end":{"line":24,"column":53}},"13":{"start":{"line":24,"column":32},"end":{"line":24,"column":51}},"14":{"start":{"line":26,"column":23},"end":{"line":26,"column":38}},"15":{"start":{"line":27,"column":26},"end":{"line":27,"column":55}},"16":{"start":{"line":28,"column":6},"end":{"line":28,"column":80}},"17":{"start":{"line":35,"column":17},"end":{"line":64,"column":2}},"18":{"start":{"line":36,"column":2},"end":{"line":63,"column":5}},"19":{"start":{"line":39,"column":3},"end":{"line":62,"column":6}},"20":{"start":{"line":40,"column":4},"end":{"line":42,"column":5}},"21":{"start":{"line":41,"column":5},"end":{"line":41,"column":31}},"22":{"start":{"line":44,"column":19},"end":{"line":44,"column":46}},"23":{"start":{"line":45,"column":4},"end":{"line":61,"column":7}},"24":{"start":{"line":46,"column":5},"end":{"line":49,"column":6}},"25":{"start":{"line":48,"column":6},"end":{"line":48,"column":51}},"26":{"start":{"line":48,"column":31},"end":{"line":48,"column":49}},"27":{"start":{"line":52,"column":5},"end":{"line":60,"column":8}},"28":{"start":{"line":53,"column":6},"end":{"line":56,"column":7}},"29":{"start":{"line":55,"column":7},"end":{"line":55,"column":53}},"30":{"start":{"line":55,"column":32},"end":{"line":55,"column":51}},"31":{"start":{"line":59,"column":6},"end":{"line":59,"column":22}},"32":{"start":{"line":66,"column":18},"end":{"line":94,"column":2}},"33":{"start":{"line":67,"column":2},"end":{"line":93,"column":5}},"34":{"start":{"line":69,"column":3},"end":{"line":92,"column":6}},"35":{"start":{"line":70,"column":4},"end":{"line":72,"column":5}},"36":{"start":{"line":71,"column":5},"end":{"line":71,"column":31}},"37":{"start":{"line":74,"column":19},"end":{"line":74,"column":59}},"38":{"start":{"line":75,"column":4},"end":{"line":91,"column":7}},"39":{"start":{"line":76,"column":5},"end":{"line":79,"column":6}},"40":{"start":{"line":78,"column":6},"end":{"line":78,"column":51}},"41":{"start":{"line":78,"column":31},"end":{"line":78,"column":49}},"42":{"start":{"line":82,"column":5},"end":{"line":90,"column":8}},"43":{"start":{"line":83,"column":6},"end":{"line":86,"column":7}},"44":{"start":{"line":85,"column":7},"end":{"line":85,"column":53}},"45":{"start":{"line":85,"column":32},"end":{"line":85,"column":51}},"46":{"start":{"line":89,"column":6},"end":{"line":89,"column":22}},"47":{"start":{"line":96,"column":20},"end":{"line":123,"column":2}},"48":{"start":{"line":97,"column":2},"end":{"line":122,"column":5}},"49":{"start":{"line":99,"column":3},"end":{"line":121,"column":6}},"50":{"start":{"line":100,"column":4},"end":{"line":102,"column":5}},"51":{"start":{"line":101,"column":5},"end":{"line":101,"column":31}},"52":{"start":{"line":104,"column":19},"end":{"line":104,"column":57}},"53":{"start":{"line":105,"column":4},"end":{"line":120,"column":7}},"54":{"start":{"line":106,"column":5},"end":{"line":109,"column":6}},"55":{"start":{"line":108,"column":6},"end":{"line":108,"column":51}},"56":{"start":{"line":108,"column":31},"end":{"line":108,"column":49}},"57":{"start":{"line":112,"column":5},"end":{"line":119,"column":8}},"58":{"start":{"line":113,"column":6},"end":{"line":116,"column":7}},"59":{"start":{"line":115,"column":7},"end":{"line":115,"column":53}},"60":{"start":{"line":115,"column":32},"end":{"line":115,"column":51}},"61":{"start":{"line":118,"column":6},"end":{"line":118,"column":22}},"62":{"start":{"line":125,"column":20},"end":{"line":162,"column":2}},"63":{"start":{"line":126,"column":2},"end":{"line":161,"column":5}},"64":{"start":{"line":128,"column":3},"end":{"line":160,"column":6}},"65":{"start":{"line":129,"column":4},"end":{"line":131,"column":5}},"66":{"start":{"line":130,"column":5},"end":{"line":130,"column":31}},"67":{"start":{"line":133,"column":24},"end":{"line":133,"column":116}},"68":{"start":{"line":134,"column":4},"end":{"line":159,"column":7}},"69":{"start":{"line":135,"column":5},"end":{"line":138,"column":6}},"70":{"start":{"line":137,"column":6},"end":{"line":137,"column":46}},"71":{"start":{"line":137,"column":31},"end":{"line":137,"column":44}},"72":{"start":{"line":141,"column":5},"end":{"line":158,"column":8}},"73":{"start":{"line":142,"column":6},"end":{"line":145,"column":7}},"74":{"start":{"line":144,"column":7},"end":{"line":144,"column":53}},"75":{"start":{"line":144,"column":32},"end":{"line":144,"column":51}},"76":{"start":{"line":148,"column":26},"end":{"line":148,"column":55}},"77":{"start":{"line":149,"column":24},"end":{"line":149,"column":43}},"78":{"start":{"line":150,"column":20},"end":{"line":150,"column":42}},"79":{"start":{"line":152,"column":6},"end":{"line":155,"column":7}},"80":{"start":{"line":153,"column":7},"end":{"line":153,"column":42}},"81":{"start":{"line":154,"column":7},"end":{"line":154,"column":46}},"82":{"start":{"line":157,"column":6},"end":{"line":157,"column":83}},"83":{"start":{"line":164,"column":1},"end":{"line":170,"column":2}}},"fnMap":{"0":{"name":"statusRepositoryMySqlDB","decl":{"start":{"line":3,"column":24},"end":{"line":3,"column":47}},"loc":{"start":{"line":3,"column":50},"end":{"line":171,"column":1}},"line":3},"1":{"name":"(anonymous_1)","decl":{"start":{"line":5,"column":13},"end":{"line":5,"column":14}},"loc":{"start":{"line":5,"column":37},"end":{"line":33,"column":2}},"line":5},"2":{"name":"(anonymous_2)","decl":{"start":{"line":6,"column":21},"end":{"line":6,"column":22}},"loc":{"start":{"line":6,"column":42},"end":{"line":32,"column":3}},"line":6},"3":{"name":"(anonymous_3)","decl":{"start":{"line":8,"column":23},"end":{"line":8,"column":24}},"loc":{"start":{"line":8,"column":39},"end":{"line":31,"column":4}},"line":8},"4":{"name":"(anonymous_4)","decl":{"start":{"line":14,"column":89},"end":{"line":14,"column":90}},"loc":{"start":{"line":14,"column":108},"end":{"line":30,"column":5}},"line":14},"5":{"name":"(anonymous_5)","decl":{"start":{"line":17,"column":25},"end":{"line":17,"column":26}},"loc":{"start":{"line":17,"column":31},"end":{"line":17,"column":44}},"line":17},"6":{"name":"(anonymous_6)","decl":{"start":{"line":21,"column":15},"end":{"line":21,"column":16}},"loc":{"start":{"line":21,"column":32},"end":{"line":29,"column":6}},"line":21},"7":{"name":"(anonymous_7)","decl":{"start":{"line":24,"column":26},"end":{"line":24,"column":27}},"loc":{"start":{"line":24,"column":32},"end":{"line":24,"column":51}},"line":24},"8":{"name":"(anonymous_8)","decl":{"start":{"line":35,"column":17},"end":{"line":35,"column":18}},"loc":{"start":{"line":35,"column":29},"end":{"line":64,"column":2}},"line":35},"9":{"name":"(anonymous_9)","decl":{"start":{"line":36,"column":21},"end":{"line":36,"column":22}},"loc":{"start":{"line":36,"column":42},"end":{"line":63,"column":3}},"line":36},"10":{"name":"(anonymous_10)","decl":{"start":{"line":39,"column":23},"end":{"line":39,"column":24}},"loc":{"start":{"line":39,"column":39},"end":{"line":62,"column":4}},"line":39},"11":{"name":"(anonymous_11)","decl":{"start":{"line":45,"column":21},"end":{"line":45,"column":22}},"loc":{"start":{"line":45,"column":45},"end":{"line":61,"column":5}},"line":45},"12":{"name":"(anonymous_12)","decl":{"start":{"line":48,"column":25},"end":{"line":48,"column":26}},"loc":{"start":{"line":48,"column":31},"end":{"line":48,"column":49}},"line":48},"13":{"name":"(anonymous_13)","decl":{"start":{"line":52,"column":15},"end":{"line":52,"column":16}},"loc":{"start":{"line":52,"column":32},"end":{"line":60,"column":6}},"line":52},"14":{"name":"(anonymous_14)","decl":{"start":{"line":55,"column":26},"end":{"line":55,"column":27}},"loc":{"start":{"line":55,"column":32},"end":{"line":55,"column":51}},"line":55},"15":{"name":"(anonymous_15)","decl":{"start":{"line":66,"column":18},"end":{"line":66,"column":19}},"loc":{"start":{"line":66,"column":26},"end":{"line":94,"column":2}},"line":66},"16":{"name":"(anonymous_16)","decl":{"start":{"line":67,"column":21},"end":{"line":67,"column":22}},"loc":{"start":{"line":67,"column":42},"end":{"line":93,"column":3}},"line":67},"17":{"name":"(anonymous_17)","decl":{"start":{"line":69,"column":23},"end":{"line":69,"column":24}},"loc":{"start":{"line":69,"column":39},"end":{"line":92,"column":4}},"line":69},"18":{"name":"(anonymous_18)","decl":{"start":{"line":75,"column":27},"end":{"line":75,"column":28}},"loc":{"start":{"line":75,"column":51},"end":{"line":91,"column":5}},"line":75},"19":{"name":"(anonymous_19)","decl":{"start":{"line":78,"column":25},"end":{"line":78,"column":26}},"loc":{"start":{"line":78,"column":31},"end":{"line":78,"column":49}},"line":78},"20":{"name":"(anonymous_20)","decl":{"start":{"line":82,"column":15},"end":{"line":82,"column":16}},"loc":{"start":{"line":82,"column":32},"end":{"line":90,"column":6}},"line":82},"21":{"name":"(anonymous_21)","decl":{"start":{"line":85,"column":26},"end":{"line":85,"column":27}},"loc":{"start":{"line":85,"column":32},"end":{"line":85,"column":51}},"line":85},"22":{"name":"(anonymous_22)","decl":{"start":{"line":96,"column":20},"end":{"line":96,"column":21}},"loc":{"start":{"line":96,"column":28},"end":{"line":123,"column":2}},"line":96},"23":{"name":"(anonymous_23)","decl":{"start":{"line":97,"column":21},"end":{"line":97,"column":22}},"loc":{"start":{"line":97,"column":42},"end":{"line":122,"column":3}},"line":97},"24":{"name":"(anonymous_24)","decl":{"start":{"line":99,"column":23},"end":{"line":99,"column":24}},"loc":{"start":{"line":99,"column":39},"end":{"line":121,"column":4}},"line":99},"25":{"name":"(anonymous_25)","decl":{"start":{"line":105,"column":27},"end":{"line":105,"column":28}},"loc":{"start":{"line":105,"column":51},"end":{"line":120,"column":5}},"line":105},"26":{"name":"(anonymous_26)","decl":{"start":{"line":108,"column":25},"end":{"line":108,"column":26}},"loc":{"start":{"line":108,"column":31},"end":{"line":108,"column":49}},"line":108},"27":{"name":"(anonymous_27)","decl":{"start":{"line":112,"column":15},"end":{"line":112,"column":16}},"loc":{"start":{"line":112,"column":32},"end":{"line":119,"column":6}},"line":112},"28":{"name":"(anonymous_28)","decl":{"start":{"line":115,"column":26},"end":{"line":115,"column":27}},"loc":{"start":{"line":115,"column":32},"end":{"line":115,"column":51}},"line":115},"29":{"name":"(anonymous_29)","decl":{"start":{"line":125,"column":20},"end":{"line":125,"column":21}},"loc":{"start":{"line":125,"column":42},"end":{"line":162,"column":2}},"line":125},"30":{"name":"(anonymous_30)","decl":{"start":{"line":126,"column":21},"end":{"line":126,"column":22}},"loc":{"start":{"line":126,"column":42},"end":{"line":161,"column":3}},"line":126},"31":{"name":"(anonymous_31)","decl":{"start":{"line":128,"column":23},"end":{"line":128,"column":24}},"loc":{"start":{"line":128,"column":39},"end":{"line":160,"column":4}},"line":128},"32":{"name":"(anonymous_32)","decl":{"start":{"line":134,"column":95},"end":{"line":134,"column":96}},"loc":{"start":{"line":134,"column":114},"end":{"line":159,"column":5}},"line":134},"33":{"name":"(anonymous_33)","decl":{"start":{"line":137,"column":25},"end":{"line":137,"column":26}},"loc":{"start":{"line":137,"column":31},"end":{"line":137,"column":44}},"line":137},"34":{"name":"(anonymous_34)","decl":{"start":{"line":141,"column":15},"end":{"line":141,"column":16}},"loc":{"start":{"line":141,"column":32},"end":{"line":158,"column":6}},"line":141},"35":{"name":"(anonymous_35)","decl":{"start":{"line":144,"column":26},"end":{"line":144,"column":27}},"loc":{"start":{"line":144,"column":32},"end":{"line":144,"column":51}},"line":144}},"branchMap":{"0":{"loc":{"start":{"line":9,"column":4},"end":{"line":11,"column":5}},"type":"if","locations":[{"start":{"line":9,"column":4},"end":{"line":11,"column":5}},{"start":{},"end":{}}],"line":9},"1":{"loc":{"start":{"line":15,"column":5},"end":{"line":18,"column":6}},"type":"if","locations":[{"start":{"line":15,"column":5},"end":{"line":18,"column":6}},{"start":{},"end":{}}],"line":15},"2":{"loc":{"start":{"line":22,"column":6},"end":{"line":25,"column":7}},"type":"if","locations":[{"start":{"line":22,"column":6},"end":{"line":25,"column":7}},{"start":{},"end":{}}],"line":22},"3":{"loc":{"start":{"line":40,"column":4},"end":{"line":42,"column":5}},"type":"if","locations":[{"start":{"line":40,"column":4},"end":{"line":42,"column":5}},{"start":{},"end":{}}],"line":40},"4":{"loc":{"start":{"line":46,"column":5},"end":{"line":49,"column":6}},"type":"if","locations":[{"start":{"line":46,"column":5},"end":{"line":49,"column":6}},{"start":{},"end":{}}],"line":46},"5":{"loc":{"start":{"line":53,"column":6},"end":{"line":56,"column":7}},"type":"if","locations":[{"start":{"line":53,"column":6},"end":{"line":56,"column":7}},{"start":{},"end":{}}],"line":53},"6":{"loc":{"start":{"line":70,"column":4},"end":{"line":72,"column":5}},"type":"if","locations":[{"start":{"line":70,"column":4},"end":{"line":72,"column":5}},{"start":{},"end":{}}],"line":70},"7":{"loc":{"start":{"line":76,"column":5},"end":{"line":79,"column":6}},"type":"if","locations":[{"start":{"line":76,"column":5},"end":{"line":79,"column":6}},{"start":{},"end":{}}],"line":76},"8":{"loc":{"start":{"line":83,"column":6},"end":{"line":86,"column":7}},"type":"if","locations":[{"start":{"line":83,"column":6},"end":{"line":86,"column":7}},{"start":{},"end":{}}],"line":83},"9":{"loc":{"start":{"line":100,"column":4},"end":{"line":102,"column":5}},"type":"if","locations":[{"start":{"line":100,"column":4},"end":{"line":102,"column":5}},{"start":{},"end":{}}],"line":100},"10":{"loc":{"start":{"line":106,"column":5},"end":{"line":109,"column":6}},"type":"if","locations":[{"start":{"line":106,"column":5},"end":{"line":109,"column":6}},{"start":{},"end":{}}],"line":106},"11":{"loc":{"start":{"line":113,"column":6},"end":{"line":116,"column":7}},"type":"if","locations":[{"start":{"line":113,"column":6},"end":{"line":116,"column":7}},{"start":{},"end":{}}],"line":113},"12":{"loc":{"start":{"line":129,"column":4},"end":{"line":131,"column":5}},"type":"if","locations":[{"start":{"line":129,"column":4},"end":{"line":131,"column":5}},{"start":{},"end":{}}],"line":129},"13":{"loc":{"start":{"line":135,"column":5},"end":{"line":138,"column":6}},"type":"if","locations":[{"start":{"line":135,"column":5},"end":{"line":138,"column":6}},{"start":{},"end":{}}],"line":135},"14":{"loc":{"start":{"line":142,"column":6},"end":{"line":145,"column":7}},"type":"if","locations":[{"start":{"line":142,"column":6},"end":{"line":145,"column":7}},{"start":{},"end":{}}],"line":142},"15":{"loc":{"start":{"line":152,"column":6},"end":{"line":155,"column":7}},"type":"if","locations":[{"start":{"line":152,"column":6},"end":{"line":155,"column":7}},{"start":{},"end":{}}],"line":152}},"s":{"0":0,"1":0,"2":0,"3":0,"4":0,"5":0,"6":0,"7":0,"8":0,"9":0,"10":0,"11":0,"12":0,"13":0,"14":0,"15":0,"16":0,"17":0,"18":0,"19":0,"20":0,"21":0,"22":0,"23":0,"24":0,"25":0,"26":0,"27":0,"28":0,"29":0,"30":0,"31":0,"32":0,"33":0,"34":0,"35":0,"36":0,"37":0,"38":0,"39":0,"40":0,"41":0,"42":0,"43":0,"44":0,"45":0,"46":0,"47":0,"48":0,"49":0,"50":0,"51":0,"52":0,"53":0,"54":0,"55":0,"56":0,"57":0,"58":0,"59":0,"60":0,"61":0,"62":0,"63":0,"64":0,"65":0,"66":0,"67":0,"68":0,"69":0,"70":0,"71":0,"72":0,"73":0,"74":0,"75":0,"76":0,"77":0,"78":0,"79":0,"80":0,"81":0,"82":0,"83":0},"f":{"0":0,"1":0,"2":0,"3":0,"4":0,"5":0,"6":0,"7":0,"8":0,"9":0,"10":0,"11":0,"12":0,"13":0,"14":0,"15":0,"16":0,"17":0,"18":0,"19":0,"20":0,"21":0,"22":0,"23":0,"24":0,"25":0,"26":0,"27":0,"28":0,"29":0,"30":0,"31":0,"32":0,"33":0,"34":0,"35":0},"b":{"0":[0,0],"1":[0,0],"2":[0,0],"3":[0,0],"4":[0,0],"5":[0,0],"6":[0,0],"7":[0,0],"8":[0,0],"9":[0,0],"10":[0,0],"11":[0,0],"12":[0,0],"13":[0,0],"14":[0,0],"15":[0,0]}}
,"/Users/brunacarlota/Documents/fiap_3soat/tech-challenge/g2-3soat-sa-order-service/src/entities/Order.js": {"path":"/Users/brunacarlota/Documents/fiap_3soat/tech-challenge/g2-3soat-sa-order-service/src/entities/Order.js","statementMap":{"0":{"start":{"line":3,"column":2},"end":{"line":3,"column":45}},"1":{"start":{"line":4,"column":2},"end":{"line":4,"column":39}},"2":{"start":{"line":5,"column":2},"end":{"line":5,"column":53}},"3":{"start":{"line":6,"column":2},"end":{"line":6,"column":45}},"4":{"start":{"line":7,"column":2},"end":{"line":7,"column":71}},"5":{"start":{"line":8,"column":2},"end":{"line":8,"column":41}},"6":{"start":{"line":9,"column":2},"end":{"line":9,"column":41}},"7":{"start":{"line":13,"column":2},"end":{"line":13,"column":26}},"8":{"start":{"line":17,"column":2},"end":{"line":17,"column":23}},"9":{"start":{"line":21,"column":2},"end":{"line":21,"column":30}},"10":{"start":{"line":25,"column":2},"end":{"line":25,"column":26}},"11":{"start":{"line":29,"column":2},"end":{"line":29,"column":39}},"12":{"start":{"line":33,"column":2},"end":{"line":33,"column":24}},"13":{"start":{"line":37,"column":2},"end":{"line":37,"column":24}},"14":{"start":{"line":41,"column":2},"end":{"line":49,"column":4}}},"fnMap":{"0":{"name":"(anonymous_0)","decl":{"start":{"line":2,"column":1},"end":{"line":2,"column":2}},"loc":{"start":{"line":2,"column":26},"end":{"line":10,"column":2}},"line":2},"1":{"name":"(anonymous_1)","decl":{"start":{"line":12,"column":1},"end":{"line":12,"column":2}},"loc":{"start":{"line":12,"column":18},"end":{"line":14,"column":2}},"line":12},"2":{"name":"(anonymous_2)","decl":{"start":{"line":16,"column":1},"end":{"line":16,"column":2}},"loc":{"start":{"line":16,"column":15},"end":{"line":18,"column":2}},"line":16},"3":{"name":"(anonymous_3)","decl":{"start":{"line":20,"column":1},"end":{"line":20,"column":2}},"loc":{"start":{"line":20,"column":22},"end":{"line":22,"column":2}},"line":20},"4":{"name":"(anonymous_4)","decl":{"start":{"line":24,"column":1},"end":{"line":24,"column":2}},"loc":{"start":{"line":24,"column":18},"end":{"line":26,"column":2}},"line":24},"5":{"name":"(anonymous_5)","decl":{"start":{"line":28,"column":1},"end":{"line":28,"column":2}},"loc":{"start":{"line":28,"column":31},"end":{"line":30,"column":2}},"line":28},"6":{"name":"(anonymous_6)","decl":{"start":{"line":32,"column":1},"end":{"line":32,"column":2}},"loc":{"start":{"line":32,"column":16},"end":{"line":34,"column":2}},"line":32},"7":{"name":"(anonymous_7)","decl":{"start":{"line":36,"column":1},"end":{"line":36,"column":2}},"loc":{"start":{"line":36,"column":16},"end":{"line":38,"column":2}},"line":36},"8":{"name":"(anonymous_8)","decl":{"start":{"line":40,"column":1},"end":{"line":40,"column":2}},"loc":{"start":{"line":40,"column":12},"end":{"line":50,"column":2}},"line":40}},"branchMap":{},"s":{"0":0,"1":0,"2":0,"3":0,"4":0,"5":0,"6":0,"7":0,"8":0,"9":0,"10":0,"11":0,"12":0,"13":0,"14":0},"f":{"0":0,"1":0,"2":0,"3":0,"4":0,"5":0,"6":0,"7":0,"8":0},"b":{}}
,"/Users/brunacarlota/Documents/fiap_3soat/tech-challenge/g2-3soat-sa-order-service/src/entities/Status.js": {"path":"/Users/brunacarlota/Documents/fiap_3soat/tech-challenge/g2-3soat-sa-order-service/src/entities/Status.js","statementMap":{"0":{"start":{"line":3,"column":2},"end":{"line":3,"column":46}},"1":{"start":{"line":4,"column":2},"end":{"line":4,"column":44}},"2":{"start":{"line":5,"column":2},"end":{"line":5,"column":42}},"3":{"start":{"line":6,"column":2},"end":{"line":6,"column":42}},"4":{"start":{"line":10,"column":2},"end":{"line":10,"column":26}},"5":{"start":{"line":14,"column":2},"end":{"line":14,"column":25}},"6":{"start":{"line":18,"column":2},"end":{"line":18,"column":24}},"7":{"start":{"line":22,"column":2},"end":{"line":22,"column":24}},"8":{"start":{"line":26,"column":2},"end":{"line":26,"column":126}}},"fnMap":{"0":{"name":"(anonymous_0)","decl":{"start":{"line":2,"column":1},"end":{"line":2,"column":2}},"loc":{"start":{"line":2,"column":27},"end":{"line":7,"column":2}},"line":2},"1":{"name":"(anonymous_1)","decl":{"start":{"line":9,"column":1},"end":{"line":9,"column":2}},"loc":{"start":{"line":9,"column":18},"end":{"line":11,"column":2}},"line":9},"2":{"name":"(anonymous_2)","decl":{"start":{"line":13,"column":1},"end":{"line":13,"column":2}},"loc":{"start":{"line":13,"column":17},"end":{"line":15,"column":2}},"line":13},"3":{"name":"(anonymous_3)","decl":{"start":{"line":17,"column":1},"end":{"line":17,"column":2}},"loc":{"start":{"line":17,"column":16},"end":{"line":19,"column":2}},"line":17},"4":{"name":"(anonymous_4)","decl":{"start":{"line":21,"column":1},"end":{"line":21,"column":2}},"loc":{"start":{"line":21,"column":16},"end":{"line":23,"column":2}},"line":21},"5":{"name":"(anonymous_5)","decl":{"start":{"line":25,"column":1},"end":{"line":25,"column":2}},"loc":{"start":{"line":25,"column":13},"end":{"line":27,"column":2}},"line":25}},"branchMap":{},"s":{"0":0,"1":0,"2":0,"3":0,"4":0,"5":0,"6":0,"7":0,"8":0},"f":{"0":0,"1":0,"2":0,"3":0,"4":0,"5":0},"b":{}}
,"/Users/brunacarlota/Documents/fiap_3soat/tech-challenge/g2-3soat-sa-order-service/src/qrcode/generateQrCode.js": {"path":"/Users/brunacarlota/Documents/fiap_3soat/tech-challenge/g2-3soat-sa-order-service/src/qrcode/generateQrCode.js","statementMap":{"0":{"start":{"line":8,"column":18},"end":{"line":8,"column":35}},"1":{"start":{"line":11,"column":16},"end":{"line":11,"column":51}},"2":{"start":{"line":14,"column":22},"end":{"line":14,"column":56}},"3":{"start":{"line":17,"column":1},"end":{"line":17,"column":40}},"4":{"start":{"line":20,"column":18},"end":{"line":20,"column":53}},"5":{"start":{"line":22,"column":1},"end":{"line":22,"column":17}},"6":{"start":{"line":24,"column":22},"end":{"line":30,"column":1}},"7":{"start":{"line":25,"column":1},"end":{"line":29,"column":3}},"8":{"start":{"line":26,"column":21},"end":{"line":26,"column":64}},"9":{"start":{"line":27,"column":15},"end":{"line":27,"column":66}},"10":{"start":{"line":28,"column":2},"end":{"line":28,"column":19}}},"fnMap":{"0":{"name":"createTempLinkFromBase64","decl":{"start":{"line":6,"column":9},"end":{"line":6,"column":33}},"loc":{"start":{"line":6,"column":63},"end":{"line":23,"column":1}},"line":6},"1":{"name":"(anonymous_1)","decl":{"start":{"line":24,"column":22},"end":{"line":24,"column":23}},"loc":{"start":{"line":24,"column":35},"end":{"line":30,"column":1}},"line":24},"2":{"name":"(anonymous_2)","decl":{"start":{"line":25,"column":27},"end":{"line":25,"column":28}},"loc":{"start":{"line":25,"column":47},"end":{"line":29,"column":2}},"line":25}},"branchMap":{},"s":{"0":0,"1":0,"2":0,"3":0,"4":0,"5":0,"6":0,"7":0,"8":0,"9":0,"10":0},"f":{"0":0,"1":0,"2":0},"b":{}}
,"/Users/brunacarlota/Documents/fiap_3soat/tech-challenge/g2-3soat-sa-order-service/src/use_cases/order/add.js": {"path":"/Users/brunacarlota/Documents/fiap_3soat/tech-challenge/g2-3soat-sa-order-service/src/use_cases/order/add.js","statementMap":{"0":{"start":{"line":4,"column":16},"end":{"line":4,"column":30}},"1":{"start":{"line":17,"column":1},"end":{"line":19,"column":2}},"2":{"start":{"line":18,"column":2},"end":{"line":18,"column":110}},"3":{"start":{"line":21,"column":18},"end":{"line":21,"column":130}},"4":{"start":{"line":23,"column":1},"end":{"line":23,"column":30}}},"fnMap":{"0":{"name":"createOrder","decl":{"start":{"line":6,"column":30},"end":{"line":6,"column":41}},"loc":{"start":{"line":15,"column":1},"end":{"line":24,"column":1}},"line":15}},"branchMap":{"0":{"loc":{"start":{"line":17,"column":1},"end":{"line":19,"column":2}},"type":"if","locations":[{"start":{"line":17,"column":1},"end":{"line":19,"column":2}},{"start":{},"end":{}}],"line":17},"1":{"loc":{"start":{"line":17,"column":5},"end":{"line":17,"column":95}},"type":"binary-expr","locations":[{"start":{"line":17,"column":5},"end":{"line":17,"column":17}},{"start":{"line":17,"column":21},"end":{"line":17,"column":30}},{"start":{"line":17,"column":34},"end":{"line":17,"column":50}},{"start":{"line":17,"column":54},"end":{"line":17,"column":66}},{"start":{"line":17,"column":70},"end":{"line":17,"column":95}}],"line":17}},"s":{"0":0,"1":0,"2":0,"3":0,"4":0},"f":{"0":0},"b":{"0":[0,0],"1":[0,0,0,0,0]}}
,"/Users/brunacarlota/Documents/fiap_3soat/tech-challenge/g2-3soat-sa-order-service/src/use_cases/order/deleteById.js": {"path":"/Users/brunacarlota/Documents/fiap_3soat/tech-challenge/g2-3soat-sa-order-service/src/use_cases/order/deleteById.js","statementMap":{"0":{"start":{"line":3,"column":16},"end":{"line":3,"column":30}},"1":{"start":{"line":6,"column":1},"end":{"line":11,"column":4}},"2":{"start":{"line":7,"column":2},"end":{"line":9,"column":3}},"3":{"start":{"line":8,"column":3},"end":{"line":8,"column":59}},"4":{"start":{"line":10,"column":2},"end":{"line":10,"column":32}}},"fnMap":{"0":{"name":"deleteById","decl":{"start":{"line":5,"column":30},"end":{"line":5,"column":40}},"loc":{"start":{"line":5,"column":45},"end":{"line":12,"column":1}},"line":5},"1":{"name":"(anonymous_1)","decl":{"start":{"line":6,"column":34},"end":{"line":6,"column":35}},"loc":{"start":{"line":6,"column":45},"end":{"line":11,"column":2}},"line":6}},"branchMap":{"0":{"loc":{"start":{"line":7,"column":2},"end":{"line":9,"column":3}},"type":"if","locations":[{"start":{"line":7,"column":2},"end":{"line":9,"column":3}},{"start":{},"end":{}}],"line":7},"1":{"loc":{"start":{"line":7,"column":6},"end":{"line":7,"column":40}},"type":"binary-expr","locations":[{"start":{"line":7,"column":6},"end":{"line":7,"column":12}},{"start":{"line":7,"column":16},"end":{"line":7,"column":40}}],"line":7}},"s":{"0":0,"1":0,"2":0,"3":0,"4":0},"f":{"0":0,"1":0},"b":{"0":[0,0],"1":[0,0]}}
,"/Users/brunacarlota/Documents/fiap_3soat/tech-challenge/g2-3soat-sa-order-service/src/use_cases/order/findById.js": {"path":"/Users/brunacarlota/Documents/fiap_3soat/tech-challenge/g2-3soat-sa-order-service/src/use_cases/order/findById.js","statementMap":{"0":{"start":{"line":3,"column":16},"end":{"line":3,"column":30}},"1":{"start":{"line":6,"column":1},"end":{"line":6,"column":29}}},"fnMap":{"0":{"name":"findById","decl":{"start":{"line":5,"column":30},"end":{"line":5,"column":38}},"loc":{"start":{"line":5,"column":43},"end":{"line":7,"column":1}},"line":5}},"branchMap":{},"s":{"0":0,"1":0},"f":{"0":0},"b":{}}
,"/Users/brunacarlota/Documents/fiap_3soat/tech-challenge/g2-3soat-sa-order-service/src/use_cases/order/getAll.js": {"path":"/Users/brunacarlota/Documents/fiap_3soat/tech-challenge/g2-3soat-sa-order-service/src/use_cases/order/getAll.js","statementMap":{"0":{"start":{"line":3,"column":16},"end":{"line":3,"column":30}},"1":{"start":{"line":6,"column":1},"end":{"line":6,"column":26}}},"fnMap":{"0":{"name":"getAllOrders","decl":{"start":{"line":5,"column":30},"end":{"line":5,"column":42}},"loc":{"start":{"line":5,"column":45},"end":{"line":7,"column":1}},"line":5}},"branchMap":{},"s":{"0":0,"1":0},"f":{"0":0},"b":{}}
,"/Users/brunacarlota/Documents/fiap_3soat/tech-challenge/g2-3soat-sa-order-service/src/use_cases/order/updateById.js": {"path":"/Users/brunacarlota/Documents/fiap_3soat/tech-challenge/g2-3soat-sa-order-service/src/use_cases/order/updateById.js","statementMap":{"0":{"start":{"line":4,"column":16},"end":{"line":4,"column":30}},"1":{"start":{"line":15,"column":1},"end":{"line":17,"column":2}},"2":{"start":{"line":16,"column":2},"end":{"line":16,"column":108}},"3":{"start":{"line":18,"column":22},"end":{"line":25,"column":3}},"4":{"start":{"line":27,"column":1},"end":{"line":32,"column":4}},"5":{"start":{"line":28,"column":2},"end":{"line":30,"column":3}},"6":{"start":{"line":29,"column":3},"end":{"line":29,"column":59}},"7":{"start":{"line":31,"column":2},"end":{"line":31,"column":46}}},"fnMap":{"0":{"name":"updateById","decl":{"start":{"line":6,"column":30},"end":{"line":6,"column":40}},"loc":{"start":{"line":14,"column":2},"end":{"line":33,"column":1}},"line":14},"1":{"name":"(anonymous_1)","decl":{"start":{"line":27,"column":34},"end":{"line":27,"column":35}},"loc":{"start":{"line":27,"column":50},"end":{"line":32,"column":2}},"line":27}},"branchMap":{"0":{"loc":{"start":{"line":15,"column":1},"end":{"line":17,"column":2}},"type":"if","locations":[{"start":{"line":15,"column":1},"end":{"line":17,"column":2}},{"start":{},"end":{}}],"line":15},"1":{"loc":{"start":{"line":15,"column":5},"end":{"line":15,"column":84}},"type":"binary-expr","locations":[{"start":{"line":15,"column":5},"end":{"line":15,"column":17}},{"start":{"line":15,"column":21},"end":{"line":15,"column":30}},{"start":{"line":15,"column":34},"end":{"line":15,"column":48}},{"start":{"line":15,"column":52},"end":{"line":15,"column":68}},{"start":{"line":15,"column":72},"end":{"line":15,"column":84}}],"line":15},"2":{"loc":{"start":{"line":28,"column":2},"end":{"line":30,"column":3}},"type":"if","locations":[{"start":{"line":28,"column":2},"end":{"line":30,"column":3}},{"start":{},"end":{}}],"line":28}},"s":{"0":0,"1":0,"2":0,"3":0,"4":0,"5":0,"6":0,"7":0},"f":{"0":0,"1":0},"b":{"0":[0,0],"1":[0,0,0,0,0],"2":[0,0]}}
,"/Users/brunacarlota/Documents/fiap_3soat/tech-challenge/g2-3soat-sa-order-service/src/use_cases/order/updateStatusById.js": {"path":"/Users/brunacarlota/Documents/fiap_3soat/tech-challenge/g2-3soat-sa-order-service/src/use_cases/order/updateStatusById.js","statementMap":{"0":{"start":{"line":3,"column":16},"end":{"line":3,"column":30}},"1":{"start":{"line":13,"column":1},"end":{"line":16,"column":2}},"2":{"start":{"line":15,"column":2},"end":{"line":15,"column":66}},"3":{"start":{"line":23,"column":1},"end":{"line":29,"column":4}},"4":{"start":{"line":24,"column":2},"end":{"line":27,"column":3}},"5":{"start":{"line":26,"column":3},"end":{"line":26,"column":59}},"6":{"start":{"line":28,"column":2},"end":{"line":28,"column":51}}},"fnMap":{"0":{"name":"updateStatusById","decl":{"start":{"line":5,"column":30},"end":{"line":5,"column":46}},"loc":{"start":{"line":10,"column":2},"end":{"line":30,"column":1}},"line":10},"1":{"name":"(anonymous_1)","decl":{"start":{"line":23,"column":34},"end":{"line":23,"column":35}},"loc":{"start":{"line":23,"column":50},"end":{"line":29,"column":2}},"line":23}},"branchMap":{"0":{"loc":{"start":{"line":13,"column":1},"end":{"line":16,"column":2}},"type":"if","locations":[{"start":{"line":13,"column":1},"end":{"line":16,"column":2}},{"start":{},"end":{}}],"line":13},"1":{"loc":{"start":{"line":13,"column":5},"end":{"line":13,"column":24}},"type":"binary-expr","locations":[{"start":{"line":13,"column":5},"end":{"line":13,"column":8}},{"start":{"line":13,"column":12},"end":{"line":13,"column":24}}],"line":13},"2":{"loc":{"start":{"line":24,"column":2},"end":{"line":27,"column":3}},"type":"if","locations":[{"start":{"line":24,"column":2},"end":{"line":27,"column":3}},{"start":{},"end":{}}],"line":24}},"s":{"0":0,"1":0,"2":0,"3":0,"4":0,"5":0,"6":0},"f":{"0":0,"1":0},"b":{"0":[0,0],"1":[0,0],"2":[0,0]}}
,"/Users/brunacarlota/Documents/fiap_3soat/tech-challenge/g2-3soat-sa-order-service/src/use_cases/payment/addPayment.js": {"path":"/Users/brunacarlota/Documents/fiap_3soat/tech-challenge/g2-3soat-sa-order-service/src/use_cases/payment/addPayment.js","statementMap":{"0":{"start":{"line":5,"column":1},"end":{"line":5,"column":43}},"1":{"start":{"line":5,"column":12},"end":{"line":5,"column":43}},"2":{"start":{"line":7,"column":18},"end":{"line":7,"column":46}},"3":{"start":{"line":8,"column":21},"end":{"line":8,"column":34}},"4":{"start":{"line":9,"column":1},"end":{"line":9,"column":37}},"5":{"start":{"line":9,"column":14},"end":{"line":9,"column":37}},"6":{"start":{"line":10,"column":1},"end":{"line":10,"column":30}}},"fnMap":{"0":{"name":"addPayment","decl":{"start":{"line":4,"column":30},"end":{"line":4,"column":40}},"loc":{"start":{"line":4,"column":47},"end":{"line":11,"column":1}},"line":4}},"branchMap":{"0":{"loc":{"start":{"line":5,"column":1},"end":{"line":5,"column":43}},"type":"if","locations":[{"start":{"line":5,"column":1},"end":{"line":5,"column":43}},{"start":{},"end":{}}],"line":5},"1":{"loc":{"start":{"line":9,"column":1},"end":{"line":9,"column":37}},"type":"if","locations":[{"start":{"line":9,"column":1},"end":{"line":9,"column":37}},{"start":{},"end":{}}],"line":9}},"s":{"0":0,"1":0,"2":0,"3":0,"4":0,"5":0,"6":0},"f":{"0":0},"b":{"0":[0,0],"1":[0,0]}}
,"/Users/brunacarlota/Documents/fiap_3soat/tech-challenge/g2-3soat-sa-order-service/src/use_cases/product/getById.js": {"path":"/Users/brunacarlota/Documents/fiap_3soat/tech-challenge/g2-3soat-sa-order-service/src/use_cases/product/getById.js","statementMap":{"0":{"start":{"line":4,"column":1},"end":{"line":4,"column":22}}},"fnMap":{"0":{"name":"useCaseProductById","decl":{"start":{"line":3,"column":24},"end":{"line":3,"column":42}},"loc":{"start":{"line":3,"column":47},"end":{"line":5,"column":1}},"line":3}},"branchMap":{},"s":{"0":0},"f":{"0":0},"b":{}}
,"/Users/brunacarlota/Documents/fiap_3soat/tech-challenge/g2-3soat-sa-order-service/src/use_cases/status/add.js": {"path":"/Users/brunacarlota/Documents/fiap_3soat/tech-challenge/g2-3soat-sa-order-service/src/use_cases/status/add.js","statementMap":{"0":{"start":{"line":4,"column":16},"end":{"line":4,"column":31}},"1":{"start":{"line":12,"column":1},"end":{"line":14,"column":2}},"2":{"start":{"line":13,"column":2},"end":{"line":13,"column":63}},"3":{"start":{"line":16,"column":1},"end":{"line":18,"column":2}},"4":{"start":{"line":17,"column":2},"end":{"line":17,"column":63}},"5":{"start":{"line":20,"column":19},"end":{"line":20,"column":78}},"6":{"start":{"line":21,"column":1},"end":{"line":21,"column":31}}},"fnMap":{"0":{"name":"createStatus","decl":{"start":{"line":6,"column":30},"end":{"line":6,"column":42}},"loc":{"start":{"line":11,"column":1},"end":{"line":22,"column":1}},"line":11}},"branchMap":{"0":{"loc":{"start":{"line":12,"column":1},"end":{"line":14,"column":2}},"type":"if","locations":[{"start":{"line":12,"column":1},"end":{"line":14,"column":2}},{"start":{},"end":{}}],"line":12},"1":{"loc":{"start":{"line":16,"column":1},"end":{"line":18,"column":2}},"type":"if","locations":[{"start":{"line":16,"column":1},"end":{"line":18,"column":2}},{"start":{},"end":{}}],"line":16}},"s":{"0":0,"1":0,"2":0,"3":0,"4":0,"5":0,"6":0},"f":{"0":0},"b":{"0":[0,0],"1":[0,0]}}
,"/Users/brunacarlota/Documents/fiap_3soat/tech-challenge/g2-3soat-sa-order-service/src/use_cases/status/deleteById.js": {"path":"/Users/brunacarlota/Documents/fiap_3soat/tech-challenge/g2-3soat-sa-order-service/src/use_cases/status/deleteById.js","statementMap":{"0":{"start":{"line":3,"column":16},"end":{"line":3,"column":31}},"1":{"start":{"line":6,"column":1},"end":{"line":11,"column":4}},"2":{"start":{"line":7,"column":2},"end":{"line":9,"column":3}},"3":{"start":{"line":8,"column":3},"end":{"line":8,"column":60}},"4":{"start":{"line":10,"column":2},"end":{"line":10,"column":32}}},"fnMap":{"0":{"name":"deleteById","decl":{"start":{"line":5,"column":30},"end":{"line":5,"column":40}},"loc":{"start":{"line":5,"column":45},"end":{"line":12,"column":1}},"line":5},"1":{"name":"(anonymous_1)","decl":{"start":{"line":6,"column":34},"end":{"line":6,"column":35}},"loc":{"start":{"line":6,"column":46},"end":{"line":11,"column":2}},"line":6}},"branchMap":{"0":{"loc":{"start":{"line":7,"column":2},"end":{"line":9,"column":3}},"type":"if","locations":[{"start":{"line":7,"column":2},"end":{"line":9,"column":3}},{"start":{},"end":{}}],"line":7},"1":{"loc":{"start":{"line":7,"column":6},"end":{"line":7,"column":42}},"type":"binary-expr","locations":[{"start":{"line":7,"column":6},"end":{"line":7,"column":13}},{"start":{"line":7,"column":17},"end":{"line":7,"column":42}}],"line":7}},"s":{"0":0,"1":0,"2":0,"3":0,"4":0},"f":{"0":0,"1":0},"b":{"0":[0,0],"1":[0,0]}}
,"/Users/brunacarlota/Documents/fiap_3soat/tech-challenge/g2-3soat-sa-order-service/src/use_cases/status/findById.js": {"path":"/Users/brunacarlota/Documents/fiap_3soat/tech-challenge/g2-3soat-sa-order-service/src/use_cases/status/findById.js","statementMap":{"0":{"start":{"line":3,"column":16},"end":{"line":3,"column":31}},"1":{"start":{"line":6,"column":1},"end":{"line":6,"column":29}}},"fnMap":{"0":{"name":"findById","decl":{"start":{"line":5,"column":30},"end":{"line":5,"column":38}},"loc":{"start":{"line":5,"column":43},"end":{"line":7,"column":1}},"line":5}},"branchMap":{},"s":{"0":0,"1":0},"f":{"0":0},"b":{}}
,"/Users/brunacarlota/Documents/fiap_3soat/tech-challenge/g2-3soat-sa-order-service/src/use_cases/status/getAll.js": {"path":"/Users/brunacarlota/Documents/fiap_3soat/tech-challenge/g2-3soat-sa-order-service/src/use_cases/status/getAll.js","statementMap":{"0":{"start":{"line":3,"column":16},"end":{"line":3,"column":31}},"1":{"start":{"line":5,"column":1},"end":{"line":5,"column":26}}},"fnMap":{"0":{"name":"getAllStatus","decl":{"start":{"line":4,"column":30},"end":{"line":4,"column":42}},"loc":{"start":{"line":4,"column":45},"end":{"line":6,"column":1}},"line":4}},"branchMap":{},"s":{"0":0,"1":0},"f":{"0":0},"b":{}}
,"/Users/brunacarlota/Documents/fiap_3soat/tech-challenge/g2-3soat-sa-order-service/src/use_cases/status/updateById.js": {"path":"/Users/brunacarlota/Documents/fiap_3soat/tech-challenge/g2-3soat-sa-order-service/src/use_cases/status/updateById.js","statementMap":{"0":{"start":{"line":4,"column":16},"end":{"line":4,"column":31}},"1":{"start":{"line":12,"column":1},"end":{"line":14,"column":2}},"2":{"start":{"line":13,"column":2},"end":{"line":13,"column":77}},"3":{"start":{"line":15,"column":23},"end":{"line":19,"column":3}},"4":{"start":{"line":21,"column":1},"end":{"line":26,"column":4}},"5":{"start":{"line":22,"column":2},"end":{"line":24,"column":3}},"6":{"start":{"line":23,"column":3},"end":{"line":23,"column":60}},"7":{"start":{"line":25,"column":2},"end":{"line":25,"column":47}}},"fnMap":{"0":{"name":"updateById","decl":{"start":{"line":6,"column":30},"end":{"line":6,"column":40}},"loc":{"start":{"line":11,"column":2},"end":{"line":27,"column":1}},"line":11},"1":{"name":"(anonymous_1)","decl":{"start":{"line":21,"column":34},"end":{"line":21,"column":35}},"loc":{"start":{"line":21,"column":51},"end":{"line":26,"column":2}},"line":21}},"branchMap":{"0":{"loc":{"start":{"line":12,"column":1},"end":{"line":14,"column":2}},"type":"if","locations":[{"start":{"line":12,"column":1},"end":{"line":14,"column":2}},{"start":{},"end":{}}],"line":12},"1":{"loc":{"start":{"line":12,"column":5},"end":{"line":12,"column":32}},"type":"binary-expr","locations":[{"start":{"line":12,"column":5},"end":{"line":12,"column":16}},{"start":{"line":12,"column":20},"end":{"line":12,"column":32}}],"line":12},"2":{"loc":{"start":{"line":22,"column":2},"end":{"line":24,"column":3}},"type":"if","locations":[{"start":{"line":22,"column":2},"end":{"line":24,"column":3}},{"start":{},"end":{}}],"line":22}},"s":{"0":0,"1":0,"2":0,"3":0,"4":0,"5":0,"6":0,"7":0},"f":{"0":0,"1":0},"b":{"0":[0,0],"1":[0,0],"2":[0,0]}}
,"/Users/brunacarlota/Documents/fiap_3soat/tech-challenge/g2-3soat-sa-order-service/src/web/index.js": {"path":"/Users/brunacarlota/Documents/fiap_3soat/tech-challenge/g2-3soat-sa-order-service/src/web/index.js","statementMap":{"0":{"start":{"line":10,"column":21},"end":{"line":10,"column":81}},"1":{"start":{"line":12,"column":1},"end":{"line":12,"column":28}},"2":{"start":{"line":13,"column":1},"end":{"line":13,"column":43}},"3":{"start":{"line":14,"column":1},"end":{"line":14,"column":41}},"4":{"start":{"line":16,"column":1},"end":{"line":16,"column":65}}},"fnMap":{"0":{"name":"routes","decl":{"start":{"line":9,"column":24},"end":{"line":9,"column":30}},"loc":{"start":{"line":9,"column":44},"end":{"line":17,"column":1}},"line":9}},"branchMap":{},"s":{"0":0,"1":0,"2":0,"3":0,"4":0},"f":{"0":0},"b":{}}
,"/Users/brunacarlota/Documents/fiap_3soat/tech-challenge/g2-3soat-sa-order-service/src/web/orderRoutes.js": {"path":"/Users/brunacarlota/Documents/fiap_3soat/tech-challenge/g2-3soat-sa-order-service/src/web/orderRoutes.js","statementMap":{"0":{"start":{"line":4,"column":16},"end":{"line":4,"column":32}},"1":{"start":{"line":5,"column":20},"end":{"line":5,"column":37}},"2":{"start":{"line":8,"column":1},"end":{"line":19,"column":3}},"3":{"start":{"line":21,"column":1},"end":{"line":24,"column":3}},"4":{"start":{"line":26,"column":1},"end":{"line":36,"column":3}},"5":{"start":{"line":39,"column":1},"end":{"line":49,"column":3}},"6":{"start":{"line":52,"column":1},"end":{"line":62,"column":3}},"7":{"start":{"line":65,"column":1},"end":{"line":68,"column":3}},"8":{"start":{"line":70,"column":1},"end":{"line":70,"column":15}}},"fnMap":{"0":{"name":"orderRoutes","decl":{"start":{"line":3,"column":24},"end":{"line":3,"column":35}},"loc":{"start":{"line":3,"column":45},"end":{"line":71,"column":1}},"line":3}},"branchMap":{},"s":{"0":0,"1":0,"2":0,"3":0,"4":0,"5":0,"6":0,"7":0,"8":0},"f":{"0":0},"b":{}}
,"/Users/brunacarlota/Documents/fiap_3soat/tech-challenge/g2-3soat-sa-order-service/src/web/statusRoutes.js": {"path":"/Users/brunacarlota/Documents/fiap_3soat/tech-challenge/g2-3soat-sa-order-service/src/web/statusRoutes.js","statementMap":{"0":{"start":{"line":4,"column":16},"end":{"line":4,"column":32}},"1":{"start":{"line":5,"column":20},"end":{"line":5,"column":38}},"2":{"start":{"line":8,"column":1},"end":{"line":11,"column":3}},"3":{"start":{"line":12,"column":1},"end":{"line":15,"column":3}},"4":{"start":{"line":19,"column":1},"end":{"line":28,"column":3}},"5":{"start":{"line":31,"column":1},"end":{"line":40,"column":3}},"6":{"start":{"line":43,"column":1},"end":{"line":46,"column":3}},"7":{"start":{"line":48,"column":1},"end":{"line":48,"column":15}}},"fnMap":{"0":{"name":"statusRoutes","decl":{"start":{"line":3,"column":24},"end":{"line":3,"column":36}},"loc":{"start":{"line":3,"column":46},"end":{"line":49,"column":1}},"line":3}},"branchMap":{},"s":{"0":0,"1":0,"2":0,"3":0,"4":0,"5":0,"6":0,"7":0},"f":{"0":0},"b":{}}
}
