TN:
SF:src/app.js
FNF:0
FNH:0
DA:5,0
DA:6,0
DA:8,0
DA:11,0
LF:4
LH:0
BRF:0
BRH:0
end_of_record
TN:
SF:src/api/apiClient.js
FN:3,(anonymous_0)
FNF:1
FNH:1
FNDA:2,(anonymous_0)
DA:3,3
LF:1
LH:1
BRF:0
BRH:0
end_of_record
TN:
SF:src/api/services/payment.js
FN:9,createNewPayment
FNF:1
FNH:1
FNDA:1,createNewPayment
DA:3,2
DA:4,2
DA:10,1
LF:3
LH:3
BRF:0
BRH:0
end_of_record
TN:
SF:src/api/services/product.js
FN:8,getProduct
FNF:1
FNH:1
FNDA:1,getProduct
DA:3,2
DA:4,2
DA:9,1
LF:3
LH:3
BRF:0
BRH:0
end_of_record
TN:
SF:src/api/services/fila/pagamento.js
FN:26,receiveMessages
FN:33,(anonymous_1)
FN:57,deleteMessage
FNF:3
FNH:0
FNDA:0,receiveMessages
FNDA:0,(anonymous_1)
FNDA:0,deleteMessage
DA:6,0
DA:8,0
DA:17,0
DA:20,0
DA:27,0
DA:29,0
DA:32,0
DA:33,0
DA:34,0
DA:35,0
DA:38,0
DA:39,0
DA:40,0
DA:41,0
DA:48,0
DA:49,0
DA:52,0
DA:58,0
DA:59,0
DA:63,0
DA:64,0
DA:65,0
DA:68,0
LF:23
LH:0
BRDA:32,0,0,0
BRDA:32,0,1,0
BRDA:38,1,0,0
BRDA:38,1,1,0
BRF:4
BRH:0
end_of_record
TN:
SF:src/application/orderGateway.js
FN:3,orderGateway
FN:5,(anonymous_1)
FN:6,(anonymous_2)
FN:7,(anonymous_3)
FN:8,(anonymous_4)
FN:9,(anonymous_5)
FN:10,(anonymous_6)
FNF:7
FNH:7
FNDA:12,orderGateway
FNDA:1,(anonymous_1)
FNDA:1,(anonymous_2)
FNDA:1,(anonymous_3)
FNDA:1,(anonymous_4)
FNDA:1,(anonymous_5)
FNDA:1,(anonymous_6)
DA:5,12
DA:6,12
DA:7,12
DA:8,12
DA:9,12
DA:10,12
DA:12,12
LF:7
LH:7
BRF:0
BRH:0
end_of_record
TN:
SF:src/application/statusGateway.js
FN:3,statusGateway
FN:5,(anonymous_1)
FN:6,(anonymous_2)
FN:7,(anonymous_3)
FN:8,(anonymous_4)
FN:9,(anonymous_5)
FNF:6
FNH:6
FNDA:11,statusGateway
FNDA:1,(anonymous_1)
FNDA:1,(anonymous_2)
FNDA:1,(anonymous_3)
FNDA:1,(anonymous_4)
FNDA:1,(anonymous_5)
DA:5,11
DA:6,11
DA:7,11
DA:8,11
DA:9,11
DA:11,11
LF:6
LH:6
BRF:0
BRH:0
end_of_record
TN:
SF:src/config/dbConnectMysql.js
FN:11,(anonymous_0)
FNF:1
FNH:0
FNDA:0,(anonymous_0)
DA:4,0
DA:11,0
DA:12,0
DA:13,0
DA:15,0
LF:5
LH:0
BRDA:12,0,0,0
BRDA:12,0,1,0
BRF:2
BRH:0
end_of_record
TN:
SF:src/controllers/orderController.js
FN:11,(anonymous_0)
FN:12,(anonymous_1)
FN:12,(anonymous_2)
FN:13,(anonymous_3)
FN:13,(anonymous_4)
FN:14,(anonymous_5)
FN:14,(anonymous_6)
FN:19,orderController
FN:21,(anonymous_8)
FN:26,(anonymous_9)
FN:29,(anonymous_10)
FN:51,(anonymous_11)
FN:52,(anonymous_12)
FN:56,(anonymous_13)
FN:59,(anonymous_14)
FN:97,(anonymous_15)
FN:111,(anonymous_16)
FN:131,(anonymous_17)
FN:142,(anonymous_18)
FN:160,(anonymous_19)
FNF:20
FNH:19
FNDA:1,(anonymous_0)
FNDA:7,(anonymous_1)
FNDA:1,(anonymous_2)
FNDA:7,(anonymous_3)
FNDA:1,(anonymous_4)
FNDA:7,(anonymous_5)
FNDA:1,(anonymous_6)
FNDA:14,orderController
FNDA:3,(anonymous_8)
FNDA:3,(anonymous_9)
FNDA:3,(anonymous_10)
FNDA:3,(anonymous_11)
FNDA:1,(anonymous_12)
FNDA:2,(anonymous_13)
FNDA:2,(anonymous_14)
FNDA:3,(anonymous_15)
FNDA:4,(anonymous_16)
FNDA:2,(anonymous_17)
FNDA:2,(anonymous_18)
FNDA:0,(anonymous_19)
DA:11,1
DA:12,7
DA:13,7
DA:14,7
DA:16,1
DA:21,14
DA:22,3
DA:25,3
DA:26,3
DA:29,3
DA:32,3
DA:33,3
DA:35,1
DA:37,2
DA:39,2
DA:51,3
DA:52,1
DA:56,2
DA:59,2
DA:60,2
DA:72,2
DA:73,2
DA:83,1
DA:90,1
DA:91,1
DA:93,1
DA:97,14
DA:98,3
DA:99,3
DA:100,3
DA:102,2
DA:103,1
DA:105,1
DA:107,1
DA:111,14
DA:113,4
DA:114,4
DA:116,3
DA:117,1
DA:119,2
DA:120,1
DA:121,1
DA:123,1
DA:127,1
DA:131,14
DA:132,2
DA:134,2
DA:135,2
DA:136,1
DA:138,1
DA:142,14
DA:143,2
DA:144,2
DA:145,2
DA:146,2
DA:154,1
DA:156,1
DA:160,14
DA:161,0
DA:162,0
DA:163,0
DA:164,0
DA:165,0
DA:167,0
DA:171,14
LF:65
LH:59
BRDA:26,0,0,3
BRDA:26,0,1,2
BRDA:51,1,0,1
BRDA:51,1,1,2
BRDA:102,2,0,1
BRDA:102,2,1,1
BRDA:116,3,0,1
BRDA:116,3,1,2
BRDA:119,4,0,1
BRDA:119,4,1,1
BRF:10
BRH:10
end_of_record
TN:
SF:src/controllers/statusController.js
FN:7,statusController
FN:9,(anonymous_1)
FN:19,(anonymous_2)
FN:31,(anonymous_3)
FN:40,(anonymous_4)
FN:51,(anonymous_5)
FNF:6
FNH:6
FNDA:11,statusController
FNDA:2,(anonymous_1)
FNDA:3,(anonymous_2)
FNDA:2,(anonymous_3)
FNDA:2,(anonymous_4)
FNDA:2,(anonymous_5)
DA:9,11
DA:10,2
DA:11,2
DA:12,2
DA:13,1
DA:15,1
DA:19,11
DA:20,3
DA:21,3
DA:22,2
DA:23,1
DA:25,1
DA:27,1
DA:31,11
DA:32,2
DA:33,2
DA:34,1
DA:36,1
DA:40,11
DA:41,2
DA:43,2
DA:44,2
DA:45,1
DA:47,1
DA:51,11
DA:52,2
DA:53,2
DA:54,2
DA:55,2
DA:56,1
DA:58,1
DA:62,11
LF:32
LH:32
BRDA:22,0,0,1
BRDA:22,0,1,1
BRF:2
BRH:2
end_of_record
TN:
SF:src/db/database/mySql/repositories/orderRepositoryMySqlDB.js
FN:3,orderRepositoryMongoDB
FN:4,(anonymous_1)
FN:5,(anonymous_2)
FN:7,(anonymous_3)
FN:12,(anonymous_4)
FN:13,(anonymous_5)
FN:15,(anonymous_6)
FN:19,(anonymous_7)
FN:19,(anonymous_8)
FN:21,(anonymous_9)
FN:23,(anonymous_10)
FN:25,(anonymous_11)
FN:35,(anonymous_12)
FN:36,(anonymous_13)
FN:37,(anonymous_14)
FN:42,(anonymous_15)
FN:44,(anonymous_16)
FN:46,(anonymous_17)
FN:48,(anonymous_18)
FN:57,(anonymous_19)
FN:58,(anonymous_20)
FN:60,(anonymous_21)
FN:66,(anonymous_22)
FN:69,(anonymous_23)
FN:73,(anonymous_24)
FN:76,(anonymous_25)
FN:87,(anonymous_26)
FN:88,(anonymous_27)
FN:90,(anonymous_28)
FN:96,(anonymous_29)
FN:99,(anonymous_30)
FN:103,(anonymous_31)
FN:106,(anonymous_32)
FN:116,(anonymous_33)
FN:117,(anonymous_34)
FN:119,(anonymous_35)
FN:125,(anonymous_36)
FN:128,(anonymous_37)
FN:132,(anonymous_38)
FN:135,(anonymous_39)
FN:155,(anonymous_40)
FN:156,(anonymous_41)
FN:158,(anonymous_42)
FN:164,(anonymous_43)
FN:167,(anonymous_44)
FN:171,(anonymous_45)
FN:174,(anonymous_46)
FNF:47
FNH:47
FNDA:13,orderRepositoryMongoDB
FNDA:5,(anonymous_1)
FNDA:5,(anonymous_2)
FNDA:5,(anonymous_3)
FNDA:8,(anonymous_4)
FNDA:4,(anonymous_5)
FNDA:1,(anonymous_6)
FNDA:6,(anonymous_7)
FNDA:3,(anonymous_8)
FNDA:1,(anonymous_9)
FNDA:2,(anonymous_10)
FNDA:1,(anonymous_11)
FNDA:4,(anonymous_12)
FNDA:4,(anonymous_13)
FNDA:4,(anonymous_14)
FNDA:3,(anonymous_15)
FNDA:1,(anonymous_16)
FNDA:2,(anonymous_17)
FNDA:1,(anonymous_18)
FNDA:4,(anonymous_19)
FNDA:4,(anonymous_20)
FNDA:4,(anonymous_21)
FNDA:3,(anonymous_22)
FNDA:1,(anonymous_23)
FNDA:2,(anonymous_24)
FNDA:1,(anonymous_25)
FNDA:4,(anonymous_26)
FNDA:4,(anonymous_27)
FNDA:4,(anonymous_28)
FNDA:3,(anonymous_29)
FNDA:1,(anonymous_30)
FNDA:2,(anonymous_31)
FNDA:1,(anonymous_32)
FNDA:3,(anonymous_33)
FNDA:3,(anonymous_34)
FNDA:3,(anonymous_35)
FNDA:2,(anonymous_36)
FNDA:1,(anonymous_37)
FNDA:1,(anonymous_38)
FNDA:1,(anonymous_39)
FNDA:5,(anonymous_40)
FNDA:5,(anonymous_41)
FNDA:5,(anonymous_42)
FNDA:4,(anonymous_43)
FNDA:1,(anonymous_44)
FNDA:3,(anonymous_45)
FNDA:1,(anonymous_46)
DA:4,13
DA:5,5
DA:7,5
DA:8,5
DA:9,1
DA:11,4
DA:12,8
DA:13,4
DA:14,4
DA:15,1
DA:17,3
DA:18,3
DA:19,6
DA:20,3
DA:21,1
DA:23,2
DA:24,2
DA:25,1
DA:27,1
DA:35,13
DA:36,4
DA:37,4
DA:38,4
DA:39,1
DA:41,3
DA:42,3
DA:43,3
DA:44,1
DA:46,2
DA:47,2
DA:48,1
DA:50,1
DA:57,13
DA:58,4
DA:60,4
DA:61,4
DA:62,1
DA:65,3
DA:66,3
DA:67,3
DA:69,1
DA:73,2
DA:74,2
DA:76,1
DA:80,1
DA:87,13
DA:88,4
DA:90,4
DA:91,4
DA:92,1
DA:95,3
DA:96,3
DA:97,3
DA:99,1
DA:103,2
DA:104,2
DA:106,1
DA:109,1
DA:116,13
DA:117,3
DA:119,3
DA:120,3
DA:121,1
DA:124,2
DA:125,2
DA:126,2
DA:128,1
DA:132,1
DA:133,1
DA:135,1
DA:140,0
DA:141,0
DA:143,0
DA:144,0
DA:145,0
DA:148,0
DA:155,13
DA:156,5
DA:158,5
DA:159,5
DA:160,1
DA:163,4
DA:164,4
DA:165,4
DA:167,1
DA:171,3
DA:172,3
DA:174,1
DA:177,2
DA:178,2
DA:180,2
DA:181,1
DA:182,1
DA:185,1
DA:192,13
LF:95
LH:89
BRDA:8,0,0,1
BRDA:8,0,1,4
BRDA:14,1,0,1
BRDA:14,1,1,3
BRDA:20,2,0,1
BRDA:20,2,1,2
BRDA:24,3,0,1
BRDA:24,3,1,1
BRDA:38,4,0,1
BRDA:38,4,1,3
BRDA:43,5,0,1
BRDA:43,5,1,2
BRDA:47,6,0,1
BRDA:47,6,1,1
BRDA:61,7,0,1
BRDA:61,7,1,3
BRDA:67,8,0,1
BRDA:67,8,1,2
BRDA:74,9,0,1
BRDA:74,9,1,1
BRDA:91,10,0,1
BRDA:91,10,1,3
BRDA:97,11,0,1
BRDA:97,11,1,2
BRDA:104,12,0,1
BRDA:104,12,1,1
BRDA:120,13,0,1
BRDA:120,13,1,2
BRDA:126,14,0,1
BRDA:126,14,1,1
BRDA:133,15,0,1
BRDA:133,15,1,0
BRDA:143,16,0,0
BRDA:143,16,1,0
BRDA:159,17,0,1
BRDA:159,17,1,4
BRDA:165,18,0,1
BRDA:165,18,1,3
BRDA:172,19,0,1
BRDA:172,19,1,2
BRDA:180,20,0,1
BRDA:180,20,1,1
BRF:42
BRH:39
end_of_record
TN:
SF:src/db/database/mySql/repositories/statusRepositoryMySqlDB.js
FN:3,statusRepositoryMySqlDB
FN:5,(anonymous_1)
FN:6,(anonymous_2)
FN:8,(anonymous_3)
FN:14,(anonymous_4)
FN:17,(anonymous_5)
FN:21,(anonymous_6)
FN:24,(anonymous_7)
FN:35,(anonymous_8)
FN:36,(anonymous_9)
FN:39,(anonymous_10)
FN:45,(anonymous_11)
FN:48,(anonymous_12)
FN:52,(anonymous_13)
FN:55,(anonymous_14)
FN:66,(anonymous_15)
FN:67,(anonymous_16)
FN:69,(anonymous_17)
FN:75,(anonymous_18)
FN:78,(anonymous_19)
FN:82,(anonymous_20)
FN:85,(anonymous_21)
FN:96,(anonymous_22)
FN:97,(anonymous_23)
FN:99,(anonymous_24)
FN:105,(anonymous_25)
FN:108,(anonymous_26)
FN:112,(anonymous_27)
FN:115,(anonymous_28)
FN:125,(anonymous_29)
FN:126,(anonymous_30)
FN:128,(anonymous_31)
FN:134,(anonymous_32)
FN:137,(anonymous_33)
FN:141,(anonymous_34)
FN:144,(anonymous_35)
FNF:36
FNH:36
FNDA:1,statusRepositoryMySqlDB
FNDA:4,(anonymous_1)
FNDA:4,(anonymous_2)
FNDA:4,(anonymous_3)
FNDA:3,(anonymous_4)
FNDA:1,(anonymous_5)
FNDA:2,(anonymous_6)
FNDA:1,(anonymous_7)
FNDA:4,(anonymous_8)
FNDA:4,(anonymous_9)
FNDA:4,(anonymous_10)
FNDA:3,(anonymous_11)
FNDA:1,(anonymous_12)
FNDA:2,(anonymous_13)
FNDA:1,(anonymous_14)
FNDA:4,(anonymous_15)
FNDA:4,(anonymous_16)
FNDA:4,(anonymous_17)
FNDA:3,(anonymous_18)
FNDA:1,(anonymous_19)
FNDA:2,(anonymous_20)
FNDA:1,(anonymous_21)
FNDA:4,(anonymous_22)
FNDA:4,(anonymous_23)
FNDA:4,(anonymous_24)
FNDA:3,(anonymous_25)
FNDA:1,(anonymous_26)
FNDA:2,(anonymous_27)
FNDA:1,(anonymous_28)
FNDA:5,(anonymous_29)
FNDA:5,(anonymous_30)
FNDA:5,(anonymous_31)
FNDA:4,(anonymous_32)
FNDA:1,(anonymous_33)
FNDA:3,(anonymous_34)
FNDA:1,(anonymous_35)
DA:5,1
DA:6,4
DA:8,4
DA:9,4
DA:10,1
DA:13,3
DA:14,3
DA:15,3
DA:17,1
DA:21,2
DA:22,2
DA:24,1
DA:26,1
DA:27,1
DA:28,1
DA:35,1
DA:36,4
DA:39,4
DA:40,4
DA:41,1
DA:44,3
DA:45,3
DA:46,3
DA:48,1
DA:52,2
DA:53,2
DA:55,1
DA:59,1
DA:66,1
DA:67,4
DA:69,4
DA:70,4
DA:71,1
DA:74,3
DA:75,3
DA:76,3
DA:78,1
DA:82,2
DA:83,2
DA:85,1
DA:89,1
DA:96,1
DA:97,4
DA:99,4
DA:100,4
DA:101,1
DA:104,3
DA:105,3
DA:106,3
DA:108,1
DA:112,2
DA:113,2
DA:115,1
DA:118,1
DA:125,1
DA:126,5
DA:128,5
DA:129,5
DA:130,1
DA:133,4
DA:134,4
DA:135,4
DA:137,1
DA:141,3
DA:142,3
DA:144,1
DA:148,2
DA:149,2
DA:150,2
DA:152,2
DA:153,1
DA:154,1
DA:157,1
DA:164,1
LF:74
LH:74
BRDA:9,0,0,1
BRDA:9,0,1,3
BRDA:15,1,0,1
BRDA:15,1,1,2
BRDA:22,2,0,1
BRDA:22,2,1,1
BRDA:40,3,0,1
BRDA:40,3,1,3
BRDA:46,4,0,1
BRDA:46,4,1,2
BRDA:53,5,0,1
BRDA:53,5,1,1
BRDA:70,6,0,1
BRDA:70,6,1,3
BRDA:76,7,0,1
BRDA:76,7,1,2
BRDA:83,8,0,1
BRDA:83,8,1,1
BRDA:100,9,0,1
BRDA:100,9,1,3
BRDA:106,10,0,1
BRDA:106,10,1,2
BRDA:113,11,0,1
BRDA:113,11,1,1
BRDA:129,12,0,1
BRDA:129,12,1,4
BRDA:135,13,0,1
BRDA:135,13,1,3
BRDA:142,14,0,1
BRDA:142,14,1,2
BRDA:152,15,0,1
BRDA:152,15,1,1
BRF:32
BRH:32
end_of_record
TN:
SF:src/entities/Order.js
FN:2,(anonymous_0)
FN:12,(anonymous_1)
FN:16,(anonymous_2)
FN:20,(anonymous_3)
FN:24,(anonymous_4)
FN:28,(anonymous_5)
FN:32,(anonymous_6)
FN:36,(anonymous_7)
FN:40,(anonymous_8)
FNF:9
FNH:9
FNDA:3,(anonymous_0)
FNDA:1,(anonymous_1)
FNDA:1,(anonymous_2)
FNDA:1,(anonymous_3)
FNDA:1,(anonymous_4)
FNDA:1,(anonymous_5)
FNDA:1,(anonymous_6)
FNDA:1,(anonymous_7)
FNDA:1,(anonymous_8)
DA:3,3
DA:4,3
DA:5,3
DA:6,3
DA:7,3
DA:8,3
DA:9,3
DA:13,1
DA:17,1
DA:21,1
DA:25,1
DA:29,1
DA:33,1
DA:37,1
DA:41,1
LF:15
LH:15
BRF:0
BRH:0
end_of_record
TN:
SF:src/entities/Status.js
FN:2,(anonymous_0)
FN:9,(anonymous_1)
FN:13,(anonymous_2)
FN:17,(anonymous_3)
FN:21,(anonymous_4)
FN:25,(anonymous_5)
FNF:6
FNH:6
FNDA:4,(anonymous_0)
FNDA:1,(anonymous_1)
FNDA:1,(anonymous_2)
FNDA:1,(anonymous_3)
FNDA:1,(anonymous_4)
FNDA:1,(anonymous_5)
DA:3,4
DA:4,4
DA:5,4
DA:6,4
DA:10,1
DA:14,1
DA:18,1
DA:22,1
DA:26,1
LF:9
LH:9
BRF:0
BRH:0
end_of_record
TN:
SF:src/qrcode/generateQrCode.js
FN:6,createTempLinkFromBase64
FN:24,(anonymous_1)
FN:25,(anonymous_2)
FNF:3
FNH:3
FNDA:1,createTempLinkFromBase64
FNDA:1,(anonymous_1)
FNDA:1,(anonymous_2)
DA:8,1
DA:11,1
DA:14,1
DA:17,1
DA:20,1
DA:22,1
DA:24,2
DA:25,1
DA:26,1
DA:27,1
DA:28,1
LF:11
LH:11
BRF:0
BRH:0
end_of_record
TN:
SF:src/use_cases/order/add.js
FN:6,createOrder
FNF:1
FNH:1
FNDA:2,createOrder
DA:4,2
DA:17,2
DA:18,1
DA:21,1
DA:23,1
LF:5
LH:5
BRDA:17,0,0,1
BRDA:17,0,1,1
BRDA:17,1,0,2
BRDA:17,1,1,1
BRDA:17,1,2,1
BRDA:17,1,3,1
BRDA:17,1,4,1
BRF:7
BRH:7
end_of_record
TN:
SF:src/use_cases/order/deleteById.js
FN:5,deleteById
FN:6,(anonymous_1)
FNF:2
FNH:2
FNDA:1,deleteById
FNDA:1,(anonymous_1)
DA:3,2
DA:6,1
DA:7,1
DA:8,0
DA:10,1
LF:5
LH:4
BRDA:7,0,0,0
BRDA:7,0,1,1
BRDA:7,1,0,1
BRDA:7,1,1,1
BRF:4
BRH:3
end_of_record
TN:
SF:src/use_cases/order/findById.js
FN:5,findById
FNF:1
FNH:1
FNDA:1,findById
DA:3,2
DA:6,1
LF:2
LH:2
BRF:0
BRH:0
end_of_record
TN:
SF:src/use_cases/order/getAll.js
FN:5,getAllOrders
FNF:1
FNH:1
FNDA:1,getAllOrders
DA:3,2
DA:6,1
LF:2
LH:2
BRF:0
BRH:0
end_of_record
TN:
SF:src/use_cases/order/updateById.js
FN:6,updateById
FN:27,(anonymous_1)
FNF:2
FNH:2
FNDA:1,updateById
FNDA:1,(anonymous_1)
DA:4,2
DA:15,1
DA:16,0
DA:18,1
DA:27,1
DA:28,1
DA:29,0
DA:31,1
LF:8
LH:6
BRDA:15,0,0,0
BRDA:15,0,1,1
BRDA:15,1,0,1
BRDA:15,1,1,1
BRDA:15,1,2,1
BRDA:15,1,3,1
BRDA:15,1,4,1
BRDA:28,2,0,0
BRDA:28,2,1,1
BRF:9
BRH:7
end_of_record
TN:
SF:src/use_cases/order/updateStatusById.js
FN:5,updateStatusById
FN:23,(anonymous_1)
FNF:2
FNH:2
FNDA:1,updateStatusById
FNDA:1,(anonymous_1)
DA:3,2
DA:13,1
DA:15,0
DA:23,1
DA:24,1
DA:26,0
DA:28,1
LF:7
LH:5
BRDA:13,0,0,0
BRDA:13,0,1,1
BRDA:13,1,0,1
BRDA:13,1,1,1
BRDA:24,2,0,0
BRDA:24,2,1,1
BRF:6
BRH:4
end_of_record
TN:
SF:src/use_cases/payment/addPayment.js
FN:4,addPayment
FNF:1
FNH:1
FNDA:4,addPayment
DA:5,4
DA:7,3
DA:8,3
DA:9,3
DA:10,3
LF:5
LH:5
BRDA:5,0,0,1
BRDA:5,0,1,3
BRDA:9,1,0,2
BRDA:9,1,1,1
BRF:4
BRH:4
end_of_record
TN:
SF:src/use_cases/product/getById.js
FN:3,useCaseProductById
FNF:1
FNH:1
FNDA:1,useCaseProductById
DA:4,1
LF:1
LH:1
BRF:0
BRH:0
end_of_record
TN:
SF:src/use_cases/status/add.js
FN:6,createStatus
FNF:1
FNH:1
FNDA:2,createStatus
DA:4,2
DA:12,2
DA:13,1
DA:16,1
DA:17,0
DA:20,1
DA:21,1
LF:7
LH:6
BRDA:12,0,0,1
BRDA:12,0,1,1
BRDA:16,1,0,0
BRDA:16,1,1,1
BRF:4
BRH:3
end_of_record
TN:
SF:src/use_cases/status/deleteById.js
FN:5,deleteById
FN:6,(anonymous_1)
FNF:2
FNH:2
FNDA:1,deleteById
FNDA:1,(anonymous_1)
DA:3,2
DA:6,1
DA:7,1
DA:8,0
DA:10,1
LF:5
LH:4
BRDA:7,0,0,0
BRDA:7,0,1,1
BRDA:7,1,0,1
BRDA:7,1,1,1
BRF:4
BRH:3
end_of_record
TN:
SF:src/use_cases/status/findById.js
FN:5,findById
FNF:1
FNH:1
FNDA:1,findById
DA:3,2
DA:6,1
LF:2
LH:2
BRF:0
BRH:0
end_of_record
TN:
SF:src/use_cases/status/getAll.js
FN:4,getAllStatus
FNF:1
FNH:1
FNDA:1,getAllStatus
DA:3,3
DA:5,1
LF:2
LH:2
BRF:0
BRH:0
end_of_record
TN:
SF:src/use_cases/status/updateById.js
FN:6,updateById
FN:21,(anonymous_1)
FNF:2
FNH:2
FNDA:5,updateById
FNDA:2,(anonymous_1)
DA:4,2
DA:12,5
DA:13,3
DA:15,2
DA:21,2
DA:22,2
DA:23,1
DA:25,1
LF:8
LH:8
BRDA:12,0,0,3
BRDA:12,0,1,2
BRDA:12,1,0,5
BRDA:12,1,1,3
BRDA:22,2,0,1
BRDA:22,2,1,1
BRF:6
BRH:6
end_of_record
TN:
SF:src/web/index.js
FN:9,routes
FNF:1
FNH:0
FNDA:0,routes
DA:10,0
DA:12,0
DA:13,0
DA:14,0
DA:16,0
LF:5
LH:0
BRF:0
BRH:0
end_of_record
TN:
SF:src/web/orderRoutes.js
FN:3,orderRoutes
FNF:1
FNH:0
FNDA:0,orderRoutes
DA:4,0
DA:5,0
DA:8,0
DA:21,0
DA:26,0
DA:39,0
DA:52,0
DA:65,0
DA:70,0
LF:9
LH:0
BRF:0
BRH:0
end_of_record
TN:
SF:src/web/statusRoutes.js
FN:3,statusRoutes
FNF:1
FNH:0
FNDA:0,statusRoutes
DA:4,0
DA:5,0
DA:8,0
DA:12,0
DA:19,0
DA:31,0
DA:43,0
DA:48,0
LF:8
LH:0
BRF:0
BRH:0
end_of_record
